<?xml version="1.0" encoding="UTF-8"?>
<coverage generated="1584676218083" clover="3.2.0">
  <project timestamp="1584676218083" name="All files">
    <metrics statements="302" coveredstatements="287" conditionals="156" coveredconditionals="123" methods="61" coveredmethods="59" elements="519" coveredelements="469" complexity="0" loc="302" ncloc="302" packages="2" files="12" classes="12"/>
    <package name="src">
      <metrics statements="152" coveredstatements="145" conditionals="80" coveredconditionals="70" methods="34" coveredmethods="33"/>
      <file name="global.ts" path="/Users/sunyi/Documents/opensource/Logan/Logan/WebSDK/src/global.ts">
        <metrics statements="7" coveredstatements="7" conditionals="2" coveredconditionals="2" methods="4" coveredmethods="4"/>
        <line num="2" count="1" type="stmt"/>
        <line num="3" count="1" type="stmt"/>
        <line num="4" count="1" type="stmt"/>
        <line num="13" count="65" type="cond" truecount="2" falsecount="0"/>
        <line num="15" count="1" type="stmt"/>
        <line num="17" count="13" type="stmt"/>
        <line num="34" count="47" type="stmt"/>
      </file>
      <file name="index.ts" path="/Users/sunyi/Documents/opensource/Logan/Logan/WebSDK/src/index.ts">
        <metrics statements="51" coveredstatements="45" conditionals="28" coveredconditionals="23" methods="12" coveredmethods="11"/>
        <line num="1" count="1" type="stmt"/>
        <line num="7" count="1" type="stmt"/>
        <line num="8" count="1" type="stmt"/>
        <line num="9" count="1" type="stmt"/>
        <line num="10" count="1" type="stmt"/>
        <line num="11" count="1" type="stmt"/>
        <line num="12" count="1" type="cond" truecount="1" falsecount="1"/>
        <line num="13" count="0" type="stmt"/>
        <line num="15" count="1" type="stmt"/>
        <line num="18" count="6" type="cond" truecount="3" falsecount="1"/>
        <line num="19" count="0" type="stmt"/>
        <line num="21" count="6" type="cond" truecount="2" falsecount="0"/>
        <line num="22" count="1" type="stmt"/>
        <line num="24" count="5" type="stmt"/>
        <line num="25" count="5" type="cond" truecount="1" falsecount="1"/>
        <line num="26" count="0" type="stmt"/>
        <line num="28" count="5" type="cond" truecount="2" falsecount="0"/>
        <line num="29" count="1" type="stmt"/>
        <line num="31" count="4" type="cond" truecount="2" falsecount="0"/>
        <line num="32" count="1" type="stmt"/>
        <line num="37" count="55" type="cond" truecount="2" falsecount="0"/>
        <line num="38" count="1" type="stmt"/>
        <line num="40" count="54" type="cond" truecount="2" falsecount="0"/>
        <line num="41" count="3" type="cond" truecount="2" falsecount="0"/>
        <line num="42" count="1" type="stmt"/>
        <line num="51" count="55" type="cond" truecount="1" falsecount="1"/>
        <line num="53" count="55" type="stmt"/>
        <line num="54" count="106" type="stmt"/>
        <line num="57" count="53" type="stmt"/>
        <line num="59" count="2" type="stmt"/>
        <line num="60" count="2" type="stmt"/>
        <line num="63" count="0" type="stmt"/>
        <line num="68" count="55" type="cond" truecount="1" falsecount="1"/>
        <line num="72" count="55" type="stmt"/>
        <line num="74" count="0" type="stmt"/>
        <line num="79" count="1" type="stmt"/>
        <line num="80" count="0" type="stmt"/>
        <line num="82" count="1" type="stmt"/>
        <line num="83" count="1" type="stmt"/>
        <line num="85" count="1" type="stmt"/>
        <line num="92" count="1" type="stmt"/>
        <line num="93" count="13" type="stmt"/>
        <line num="101" count="1" type="stmt"/>
        <line num="102" count="52" type="stmt"/>
        <line num="110" count="1" type="stmt"/>
        <line num="111" count="3" type="stmt"/>
        <line num="120" count="1" type="stmt"/>
        <line num="121" count="6" type="stmt"/>
        <line num="122" count="6" type="stmt"/>
        <line num="125" count="3" type="cond" truecount="1" falsecount="0"/>
        <line num="128" count="1" type="stmt"/>
      </file>
      <file name="interface.ts" path="/Users/sunyi/Documents/opensource/Logan/Logan/WebSDK/src/interface.ts">
        <metrics statements="10" coveredstatements="10" conditionals="4" coveredconditionals="4" methods="2" coveredmethods="2"/>
        <line num="4" count="1" type="cond" truecount="2" falsecount="0"/>
        <line num="5" count="1" type="stmt"/>
        <line num="6" count="1" type="stmt"/>
        <line num="7" count="1" type="stmt"/>
        <line num="8" count="1" type="stmt"/>
        <line num="9" count="1" type="stmt"/>
        <line num="10" count="1" type="stmt"/>
        <line num="21" count="1" type="cond" truecount="2" falsecount="0"/>
        <line num="22" count="1" type="stmt"/>
        <line num="23" count="1" type="stmt"/>
      </file>
      <file name="log-manager.ts" path="/Users/sunyi/Documents/opensource/Logan/Logan/WebSDK/src/log-manager.ts">
        <metrics statements="7" coveredstatements="7" conditionals="2" coveredconditionals="2" methods="3" coveredmethods="3"/>
        <line num="1" count="1" type="stmt"/>
        <line num="2" count="1" type="stmt"/>
        <line num="4" count="21" type="cond" truecount="2" falsecount="0"/>
        <line num="5" count="9" type="stmt"/>
        <line num="10" count="108" type="stmt"/>
        <line num="14" count="9" type="stmt"/>
        <line num="17" count="1" type="stmt"/>
      </file>
      <file name="node_index.ts" path="/Users/sunyi/Documents/opensource/Logan/Logan/WebSDK/src/node_index.ts">
        <metrics statements="2" coveredstatements="2" conditionals="0" coveredconditionals="0" methods="1" coveredmethods="1"/>
        <line num="5" count="1" type="stmt"/>
        <line num="6" count="1" type="stmt"/>
      </file>
      <file name="report-log.ts" path="/Users/sunyi/Documents/opensource/Logan/Logan/WebSDK/src/report-log.ts">
        <metrics statements="36" coveredstatements="35" conditionals="28" coveredconditionals="24" methods="7" coveredmethods="7"/>
        <line num="1" count="1" type="stmt"/>
        <line num="2" count="1" type="stmt"/>
        <line num="3" count="1" type="stmt"/>
        <line num="8" count="1" type="stmt"/>
        <line num="9" count="1" type="stmt"/>
        <line num="10" count="1" type="stmt"/>
        <line num="17" count="3" type="cond" truecount="2" falsecount="0"/>
        <line num="18" count="3" type="stmt"/>
        <line num="19" count="3" type="stmt"/>
        <line num="31" count="3" type="stmt"/>
        <line num="38" count="1" type="stmt"/>
        <line num="41" count="6" type="cond" truecount="1" falsecount="1"/>
        <line num="42" count="0" type="stmt"/>
        <line num="44" count="3" type="cond" truecount="2" falsecount="0"/>
        <line num="45" count="1" type="stmt"/>
        <line num="49" count="3" type="stmt"/>
        <line num="53" count="3" type="stmt"/>
        <line num="56" count="3" type="stmt"/>
        <line num="60" count="3" type="stmt"/>
        <line num="68" count="3" type="stmt"/>
        <line num="69" count="3" type="stmt"/>
        <line num="70" count="3" type="stmt"/>
        <line num="72" count="3" type="stmt"/>
        <line num="73" count="7" type="cond" truecount="2" falsecount="0"/>
        <line num="74" count="4" type="stmt"/>
        <line num="76" count="4" type="stmt"/>
        <line num="77" count="5" type="cond" truecount="4" falsecount="0"/>
        <line num="79" count="3" type="stmt"/>
        <line num="81" count="3" type="stmt"/>
        <line num="84" count="2" type="stmt"/>
        <line num="85" count="2" type="cond" truecount="2" falsecount="0"/>
        <line num="86" count="1" type="stmt"/>
        <line num="89" count="1" type="stmt"/>
        <line num="91" count="2" type="stmt"/>
        <line num="97" count="1" type="stmt"/>
        <line num="100" count="3" type="cond" truecount="1" falsecount="0"/>
      </file>
      <file name="save-log.ts" path="/Users/sunyi/Documents/opensource/Logan/Logan/WebSDK/src/save-log.ts">
        <metrics statements="39" coveredstatements="39" conditionals="16" coveredconditionals="15" methods="5" coveredmethods="5"/>
        <line num="1" count="1" type="stmt"/>
        <line num="2" count="1" type="stmt"/>
        <line num="3" count="1" type="stmt"/>
        <line num="4" count="1" type="stmt"/>
        <line num="5" count="1" type="stmt"/>
        <line num="6" count="1" type="stmt"/>
        <line num="14" count="1" type="stmt"/>
        <line num="15" count="1" type="stmt"/>
        <line num="17" count="35" type="stmt"/>
        <line num="18" count="35" type="stmt"/>
        <line num="19" count="35" type="stmt"/>
        <line num="22" count="37" type="stmt"/>
        <line num="27" count="37" type="stmt"/>
        <line num="30" count="125" type="cond" truecount="4" falsecount="0"/>
        <line num="31" count="53" type="stmt"/>
        <line num="32" count="53" type="stmt"/>
        <line num="34" count="53" type="cond" truecount="2" falsecount="0"/>
        <line num="35" count="12" type="stmt"/>
        <line num="37" count="41" type="cond" truecount="2" falsecount="0"/>
        <line num="38" count="4" type="stmt"/>
        <line num="40" count="37" type="cond" truecount="2" falsecount="0"/>
        <line num="41" count="1" type="stmt"/>
        <line num="45" count="37" type="stmt"/>
        <line num="46" count="39" type="cond" truecount="2" falsecount="0"/>
        <line num="47" count="35" type="stmt"/>
        <line num="50" count="35" type="cond" truecount="2" falsecount="0"/>
        <line num="53" count="2" type="cond" truecount="1" falsecount="1"/>
        <line num="54" count="2" type="stmt"/>
        <line num="55" count="4" type="stmt"/>
        <line num="58" count="2" type="stmt"/>
        <line num="62" count="2" type="stmt"/>
        <line num="68" count="2" type="stmt"/>
        <line num="73" count="19" type="stmt"/>
        <line num="74" count="19" type="stmt"/>
        <line num="76" count="53" type="stmt"/>
        <line num="77" count="53" type="stmt"/>
        <line num="82" count="1" type="stmt"/>
        <line num="83" count="53" type="stmt"/>
        <line num="84" count="53" type="stmt"/>
      </file>
    </package>
    <package name="src.lib">
      <metrics statements="150" coveredstatements="142" conditionals="76" coveredconditionals="53" methods="27" coveredmethods="26"/>
      <file name="ajax.ts" path="/Users/sunyi/Documents/opensource/Logan/Logan/WebSDK/src/lib/ajax.ts">
        <metrics statements="6" coveredstatements="6" conditionals="2" coveredconditionals="2" methods="4" coveredmethods="4"/>
        <line num="1" count="1" type="stmt"/>
        <line num="2" count="1" type="stmt"/>
        <line num="3" count="3" type="stmt"/>
        <line num="4" count="3" type="stmt"/>
        <line num="14" count="2" type="stmt"/>
        <line num="17" count="1" type="cond" truecount="2" falsecount="0"/>
      </file>
      <file name="encryption.ts" path="/Users/sunyi/Documents/opensource/Logan/Logan/WebSDK/src/lib/encryption.ts">
        <metrics statements="27" coveredstatements="27" conditionals="0" coveredconditionals="0" methods="5" coveredmethods="5"/>
        <line num="2" count="1" type="stmt"/>
        <line num="4" count="1" type="stmt"/>
        <line num="6" count="1" type="stmt"/>
        <line num="8" count="1" type="stmt"/>
        <line num="10" count="1" type="stmt"/>
        <line num="12" count="1" type="stmt"/>
        <line num="19" count="4" type="stmt"/>
        <line num="20" count="4" type="stmt"/>
        <line num="21" count="64" type="stmt"/>
        <line num="25" count="4" type="stmt"/>
        <line num="35" count="2" type="stmt"/>
        <line num="36" count="2" type="stmt"/>
        <line num="37" count="2" type="stmt"/>
        <line num="42" count="2" type="stmt"/>
        <line num="43" count="2" type="stmt"/>
        <line num="44" count="2" type="stmt"/>
        <line num="48" count="2" type="stmt"/>
        <line num="49" count="2" type="stmt"/>
        <line num="50" count="2" type="stmt"/>
        <line num="51" count="2" type="stmt"/>
        <line num="58" count="2" type="stmt"/>
        <line num="61" count="1" type="stmt"/>
        <line num="65" count="2" type="stmt"/>
        <line num="66" count="2" type="stmt"/>
        <line num="67" count="2" type="stmt"/>
        <line num="68" count="2" type="stmt"/>
        <line num="69" count="2" type="stmt"/>
      </file>
      <file name="logan-db.ts" path="/Users/sunyi/Documents/opensource/Logan/Logan/WebSDK/src/lib/logan-db.ts">
        <metrics statements="56" coveredstatements="55" conditionals="23" coveredconditionals="20" methods="9" coveredmethods="9"/>
        <line num="1" count="1" type="stmt"/>
        <line num="2" count="1" type="stmt"/>
        <line num="3" count="1" type="stmt"/>
        <line num="4" count="1" type="stmt"/>
        <line num="5" count="1" type="stmt"/>
        <line num="6" count="1" type="stmt"/>
        <line num="7" count="1" type="stmt"/>
        <line num="8" count="1" type="stmt"/>
        <line num="9" count="1" type="stmt"/>
        <line num="10" count="1" type="stmt"/>
        <line num="11" count="1" type="stmt"/>
        <line num="12" count="1" type="stmt"/>
        <line num="13" count="1" type="stmt"/>
        <line num="33" count="1" type="stmt"/>
        <line num="34" count="1" type="stmt"/>
        <line num="35" count="1" type="stmt"/>
        <line num="38" count="2" type="stmt"/>
        <line num="64" count="1" type="stmt"/>
        <line num="68" count="37" type="stmt"/>
        <line num="70" count="1" type="stmt"/>
        <line num="71" count="3" type="stmt"/>
        <line num="72" count="3" type="stmt"/>
        <line num="77" count="1" type="stmt"/>
        <line num="78" count="37" type="cond" truecount="2" falsecount="0"/>
        <line num="83" count="1" type="stmt"/>
        <line num="87" count="4" type="cond" truecount="2" falsecount="0"/>
        <line num="88" count="2" type="stmt"/>
        <line num="92" count="2" type="cond" truecount="1" falsecount="1"/>
        <line num="94" count="1" type="cond" truecount="2" falsecount="0"/>
        <line num="106" count="1" type="stmt"/>
        <line num="109" count="3" type="cond" truecount="1" falsecount="0"/>
        <line num="116" count="3" type="stmt"/>
        <line num="118" count="1" type="stmt"/>
        <line num="119" count="37" type="stmt"/>
        <line num="120" count="37" type="stmt"/>
        <line num="121" count="37" type="stmt"/>
        <line num="122" count="37" type="cond" truecount="2" falsecount="0"/>
        <line num="131" count="37" type="cond" truecount="2" falsecount="0"/>
        <line num="132" count="3" type="stmt"/>
        <line num="134" count="34" type="cond" truecount="1" falsecount="1"/>
        <line num="135" count="0" type="stmt"/>
        <line num="137" count="34" type="stmt"/>
        <line num="138" count="34" type="stmt"/>
        <line num="139" count="34" type="stmt"/>
        <line num="140" count="34" type="stmt"/>
        <line num="143" count="34" type="stmt"/>
        <line num="144" count="34" type="stmt"/>
        <line num="145" count="34" type="cond" truecount="2" falsecount="0"/>
        <line num="146" count="8" type="stmt"/>
        <line num="148" count="26" type="stmt"/>
        <line num="150" count="34" type="stmt"/>
        <line num="152" count="34" type="stmt"/>
        <line num="161" count="34" type="stmt"/>
        <line num="169" count="34" type="stmt"/>
        <line num="171" count="68" type="stmt"/>
        <line num="184" count="1" type="stmt"/>
      </file>
      <file name="utils.ts" path="/Users/sunyi/Documents/opensource/Logan/Logan/WebSDK/src/lib/utils.ts">
        <metrics statements="32" coveredstatements="30" conditionals="19" coveredconditionals="14" methods="6" coveredmethods="6"/>
        <line num="2" count="1" type="stmt"/>
        <line num="3" count="1" type="stmt"/>
        <line num="4" count="1" type="stmt"/>
        <line num="5" count="38" type="stmt"/>
        <line num="6" count="38" type="stmt"/>
        <line num="7" count="8002812" type="stmt"/>
        <line num="8" count="8002812" type="cond" truecount="2" falsecount="0"/>
        <line num="9" count="8002810" type="stmt"/>
        <line num="10" count="2" type="cond" truecount="2" falsecount="0"/>
        <line num="11" count="1" type="stmt"/>
        <line num="12" count="1" type="cond" truecount="1" falsecount="1"/>
        <line num="13" count="1" type="stmt"/>
        <line num="15" count="0" type="stmt"/>
        <line num="18" count="38" type="stmt"/>
        <line num="21" count="1" type="stmt"/>
        <line num="22" count="10" type="stmt"/>
        <line num="23" count="10" type="stmt"/>
        <line num="24" count="10" type="stmt"/>
        <line num="25" count="10" type="stmt"/>
        <line num="34" count="1" type="stmt"/>
        <line num="35" count="47" type="stmt"/>
        <line num="36" count="47" type="stmt"/>
        <line num="37" count="47" type="stmt"/>
        <line num="38" count="47" type="cond" truecount="2" falsecount="2"/>
        <line num="41" count="1" type="stmt"/>
        <line num="42" count="34" type="stmt"/>
        <line num="49" count="1" type="stmt"/>
        <line num="50" count="24" type="cond" truecount="1" falsecount="1"/>
        <line num="51" count="6" type="cond" truecount="1" falsecount="1"/>
        <line num="52" count="0" type="stmt"/>
        <line num="54" count="6" type="stmt"/>
        <line num="57" count="1" type="stmt"/>
      </file>
      <file name="xhr.ts" path="/Users/sunyi/Documents/opensource/Logan/Logan/WebSDK/src/lib/xhr.ts">
        <metrics statements="29" coveredstatements="24" conditionals="32" coveredconditionals="17" methods="3" coveredmethods="2"/>
        <line num="1" count="1" type="stmt"/>
        <line num="11" count="1" type="stmt"/>
        <line num="12" count="3" type="stmt"/>
        <line num="13" count="3" type="stmt"/>
        <line num="16" count="3" type="cond" truecount="1" falsecount="1"/>
        <line num="17" count="3" type="cond" truecount="1" falsecount="1"/>
        <line num="18" count="3" type="cond" truecount="1" falsecount="1"/>
        <line num="19" count="3" type="stmt"/>
        <line num="20" count="3" type="cond" truecount="1" falsecount="1"/>
        <line num="21" count="0" type="cond" truecount="0" falsecount="2"/>
        <line num="22" count="0" type="cond" truecount="0" falsecount="2"/>
        <line num="23" count="0" type="stmt"/>
        <line num="25" count="3" type="stmt"/>
        <line num="26" count="3" type="cond" truecount="1" falsecount="1"/>
        <line num="27" count="3" type="stmt"/>
        <line num="28" count="3" type="cond" truecount="2" falsecount="0"/>
        <line num="29" count="2" type="stmt"/>
        <line num="30" count="2" type="stmt"/>
        <line num="31" count="2" type="cond" truecount="2" falsecount="0"/>
        <line num="33" count="0" type="cond" truecount="0" falsecount="2"/>
        <line num="36" count="1" type="cond" truecount="2" falsecount="0"/>
        <line num="41" count="3" type="cond" truecount="1" falsecount="1"/>
        <line num="42" count="3" type="cond" truecount="3" falsecount="1"/>
        <line num="43" count="3" type="stmt"/>
        <line num="44" count="6" type="cond" truecount="1" falsecount="1"/>
        <line num="45" count="6" type="stmt"/>
        <line num="49" count="3" type="stmt"/>
        <line num="51" count="0" type="stmt"/>
        <line num="53" count="3" type="stmt"/>
      </file>
    </package>
  </project>
</coverage>
