{"/Users/sunyi/Documents/opensource/Logan/Logan/WebSDK/src/global.ts": {"path":"/Users/sunyi/Documents/opensource/Logan/Logan/WebSDK/src/global.ts","statementMap":{"0":{"start":{"line":2,"column":26},"end":{"line":2,"column":27}},"1":{"start":{"line":3,"column":13},"end":{"line":3,"column":39}},"2":{"start":{"line":4,"column":33},"end":{"line":8,"column":2}},"3":{"start":{"line":14,"column":4},"end":{"line":14,"column":50}},"4":{"start":{"line":16,"column":0},"end":{"line":42,"column":2}},"5":{"start":{"line":18,"column":8},"end":{"line":37,"column":10}},"6":{"start":{"line":40,"column":8},"end":{"line":40,"column":41}}},"fnMap":{"0":{"name":"(anonymous_0)","decl":{"start":{"line":3,"column":13},"end":{"line":3,"column":38}},"loc":{"start":{"line":3,"column":13},"end":{"line":3,"column":39}}},"1":{"name":"validOrBackup","decl":{"start":{"line":9,"column":9},"end":{"line":9,"column":22}},"loc":{"start":{"line":12,"column":15},"end":{"line":15,"column":1}}},"2":{"name":"(anonymous_2)","decl":{"start":{"line":17,"column":9},"end":{"line":17,"column":10}},"loc":{"start":{"line":17,"column":32},"end":{"line":38,"column":5}}},"3":{"name":"(anonymous_3)","decl":{"start":{"line":39,"column":9},"end":{"line":39,"column":10}},"loc":{"start":{"line":39,"column":41},"end":{"line":41,"column":5}}}},"branchMap":{"0":{"loc":{"start":{"line":14,"column":35},"end":{"line":14,"column":40}},"type":"cond-expr","locations":[{"start":{"line":14,"column":35},"end":{"line":14,"column":40}},{"start":{"line":14,"column":43},"end":{"line":14,"column":49}}]}},"s":{"0":1,"1":1,"2":1,"3":90,"4":1,"5":15,"6":80},"f":{"0":48,"1":90,"2":15,"3":80},"b":{"0":[53,37]}}
,"/Users/sunyi/Documents/opensource/Logan/Logan/WebSDK/src/index.ts": {"path":"/Users/sunyi/Documents/opensource/Logan/Logan/WebSDK/src/index.ts","statementMap":{"0":{"start":{"line":1,"column":0},"end":{"line":1,"column":null}},"1":{"start":{"line":7,"column":0},"end":{"line":7,"column":30}},"2":{"start":{"line":8,"column":0},"end":{"line":8,"column":41}},"3":{"start":{"line":9,"column":0},"end":{"line":9,"column":54}},"4":{"start":{"line":10,"column":0},"end":{"line":10,"column":39}},"5":{"start":{"line":11,"column":19},"end":{"line":11,"column":41}},"6":{"start":{"line":12,"column":0},"end":{"line":14,"column":null}},"7":{"start":{"line":13,"column":4},"end":{"line":13,"column":32}},"8":{"start":{"line":15,"column":38},"end":{"line":15,"column":40}},"9":{"start":{"line":18,"column":18},"end":{"line":22,"column":6}},"10":{"start":{"line":23,"column":4},"end":{"line":23,"column":33}},"11":{"start":{"line":27,"column":4},"end":{"line":29,"column":null}},"12":{"start":{"line":28,"column":8},"end":{"line":28,"column":62}},"13":{"start":{"line":30,"column":26},"end":{"line":30,"column":71}},"14":{"start":{"line":31,"column":4},"end":{"line":33,"column":null}},"15":{"start":{"line":32,"column":8},"end":{"line":32,"column":58}},"16":{"start":{"line":34,"column":4},"end":{"line":36,"column":null}},"17":{"start":{"line":35,"column":8},"end":{"line":35,"column":56}},"18":{"start":{"line":37,"column":4},"end":{"line":39,"column":null}},"19":{"start":{"line":38,"column":8},"end":{"line":38,"column":80}},"20":{"start":{"line":43,"column":4},"end":{"line":45,"column":null}},"21":{"start":{"line":44,"column":8},"end":{"line":44,"column":51}},"22":{"start":{"line":46,"column":4},"end":{"line":52,"column":null}},"23":{"start":{"line":47,"column":8},"end":{"line":51,"column":null}},"24":{"start":{"line":48,"column":12},"end":{"line":50,"column":14}},"25":{"start":{"line":57,"column":8},"end":{"line":57,"column":18}},"26":{"start":{"line":59,"column":34},"end":{"line":60,"column":null}},"27":{"start":{"line":59,"column":18},"end":{"line":61,"column":null}},"28":{"start":{"line":62,"column":12},"end":{"line":62,"column":43}},"29":{"start":{"line":64,"column":12},"end":{"line":64,"column":38}},"30":{"start":{"line":65,"column":12},"end":{"line":65,"column":62}},"31":{"start":{"line":68,"column":8},"end":{"line":68,"column":94}},"32":{"start":{"line":73,"column":4},"end":{"line":80,"column":null}},"33":{"start":{"line":77,"column":8},"end":{"line":77,"column":26}},"34":{"start":{"line":79,"column":8},"end":{"line":79,"column":41}},"35":{"start":{"line":84,"column":4},"end":{"line":88,"column":null}},"36":{"start":{"line":85,"column":8},"end":{"line":85,"column":55}},"37":{"start":{"line":87,"column":9},"end":{"line":87,"column":52}},"38":{"start":{"line":89,"column":4},"end":{"line":92,"column":7}},"39":{"start":{"line":96,"column":4},"end":{"line":98,"column":7}},"40":{"start":{"line":97,"column":8},"end":{"line":97,"column":26}},"41":{"start":{"line":99,"column":4},"end":{"line":99,"column":28}},"42":{"start":{"line":100,"column":4},"end":{"line":100,"column":53}},"43":{"start":{"line":102,"column":0},"end":{"line":102,"column":46}},"44":{"start":{"line":110,"column":4},"end":{"line":110,"column":29}},"45":{"start":{"line":109,"column":0},"end":{"line":109,"column":16}},"46":{"start":{"line":119,"column":4},"end":{"line":119,"column":56}},"47":{"start":{"line":118,"column":0},"end":{"line":118,"column":16}},"48":{"start":{"line":128,"column":4},"end":{"line":128,"column":54}},"49":{"start":{"line":127,"column":0},"end":{"line":127,"column":16}},"50":{"start":{"line":136,"column":4},"end":{"line":139,"column":7}},"51":{"start":{"line":135,"column":0},"end":{"line":135,"column":16}},"52":{"start":{"line":149,"column":4},"end":{"line":149,"column":37}},"53":{"start":{"line":150,"column":28},"end":{"line":151,"column":null}},"54":{"start":{"line":150,"column":10},"end":{"line":152,"column":null}},"55":{"start":{"line":153,"column":11},"end":{"line":153,"column":55}},"56":{"start":{"line":153,"column":4},"end":{"line":153,"column":55}},"57":{"start":{"line":148,"column":0},"end":{"line":148,"column":22}},"58":{"start":{"line":156,"column":0},"end":{"line":163,"column":2}}},"fnMap":{"0":{"name":"logContentWrapper","decl":{"start":{"line":17,"column":9},"end":{"line":17,"column":26}},"loc":{"start":{"line":17,"column":60},"end":{"line":24,"column":1}}},"1":{"name":"reportParamChecker","decl":{"start":{"line":26,"column":9},"end":{"line":26,"column":27}},"loc":{"start":{"line":26,"column":55},"end":{"line":40,"column":1}}},"2":{"name":"logParamChecker","decl":{"start":{"line":42,"column":9},"end":{"line":42,"column":24}},"loc":{"start":{"line":42,"column":73},"end":{"line":53,"column":1}}},"3":{"name":"logAsync","decl":{"start":{"line":55,"column":15},"end":{"line":55,"column":23}},"loc":{"start":{"line":55,"column":43},"end":{"line":70,"column":null}}},"4":{"name":"(anonymous_19)","decl":{"start":{"line":59,"column":34},"end":{"line":59,"column":null}},"loc":{"start":{"line":59,"column":34},"end":{"line":60,"column":null}}},"5":{"name":"logIfLoaded","decl":{"start":{"line":72,"column":9},"end":{"line":72,"column":20}},"loc":{"start":{"line":72,"column":40},"end":{"line":81,"column":1}}},"6":{"name":"standardLog","decl":{"start":{"line":83,"column":9},"end":{"line":83,"column":20}},"loc":{"start":{"line":83,"column":86},"end":{"line":93,"column":1}}},"7":{"name":"onWindowLoad","decl":{"start":{"line":95,"column":9},"end":{"line":95,"column":21}},"loc":{"start":{"line":95,"column":21},"end":{"line":101,"column":1}}},"8":{"name":"(anonymous_23)","decl":{"start":{"line":96,"column":31},"end":{"line":96,"column":38}},"loc":{"start":{"line":96,"column":38},"end":{"line":98,"column":5}}},"9":{"name":"initConfig","decl":{"start":{"line":109,"column":16},"end":{"line":109,"column":26}},"loc":{"start":{"line":109,"column":54},"end":{"line":111,"column":1}}},"10":{"name":"log","decl":{"start":{"line":118,"column":16},"end":{"line":118,"column":19}},"loc":{"start":{"line":118,"column":53},"end":{"line":120,"column":1}}},"11":{"name":"logWithEncryption","decl":{"start":{"line":127,"column":16},"end":{"line":127,"column":33}},"loc":{"start":{"line":127,"column":67},"end":{"line":129,"column":1}}},"12":{"name":"customLog","decl":{"start":{"line":135,"column":16},"end":{"line":135,"column":25}},"loc":{"start":{"line":135,"column":47},"end":{"line":140,"column":1}}},"13":{"name":"report","decl":{"start":{"line":148,"column":22},"end":{"line":148,"column":28}},"loc":{"start":{"line":148,"column":56},"end":{"line":154,"column":null}}},"14":{"name":"(anonymous_31)","decl":{"start":{"line":150,"column":28},"end":{"line":150,"column":null}},"loc":{"start":{"line":150,"column":28},"end":{"line":151,"column":null}}}},"branchMap":{"0":{"loc":{"start":{"line":12,"column":0},"end":{"line":14,"column":null}},"type":"if","locations":[{"start":{"line":12,"column":0},"end":{"line":14,"column":null}},{"start":{"line":12,"column":0},"end":{"line":14,"column":null}}]},"1":{"loc":{"start":{"line":27,"column":4},"end":{"line":29,"column":null}},"type":"if","locations":[{"start":{"line":27,"column":4},"end":{"line":29,"column":null}},{"start":{"line":27,"column":4},"end":{"line":29,"column":null}}]},"2":{"loc":{"start":{"line":31,"column":4},"end":{"line":33,"column":null}},"type":"if","locations":[{"start":{"line":31,"column":4},"end":{"line":33,"column":null}},{"start":{"line":31,"column":4},"end":{"line":33,"column":null}}]},"3":{"loc":{"start":{"line":34,"column":4},"end":{"line":36,"column":null}},"type":"if","locations":[{"start":{"line":34,"column":4},"end":{"line":36,"column":null}},{"start":{"line":34,"column":4},"end":{"line":36,"column":null}}]},"4":{"loc":{"start":{"line":37,"column":4},"end":{"line":39,"column":null}},"type":"if","locations":[{"start":{"line":37,"column":4},"end":{"line":39,"column":null}},{"start":{"line":37,"column":4},"end":{"line":39,"column":null}}]},"5":{"loc":{"start":{"line":43,"column":4},"end":{"line":45,"column":null}},"type":"if","locations":[{"start":{"line":43,"column":4},"end":{"line":45,"column":null}},{"start":{"line":43,"column":4},"end":{"line":45,"column":null}}]},"6":{"loc":{"start":{"line":46,"column":4},"end":{"line":52,"column":null}},"type":"if","locations":[{"start":{"line":46,"column":4},"end":{"line":52,"column":null}},{"start":{"line":46,"column":4},"end":{"line":52,"column":null}}]},"7":{"loc":{"start":{"line":47,"column":8},"end":{"line":51,"column":null}},"type":"if","locations":[{"start":{"line":47,"column":8},"end":{"line":51,"column":null}},{"start":{"line":47,"column":8},"end":{"line":51,"column":null}}]},"8":{"loc":{"start":{"line":68,"column":8},"end":{"line":68,"column":94}},"type":"switch","locations":[{"start":{"line":68,"column":8},"end":{"line":68,"column":94}}]},"9":{"loc":{"start":{"line":57,"column":8},"end":{"line":57,"column":18}},"type":"if","locations":[{"start":{"line":57,"column":8},"end":{"line":57,"column":18}},{"start":{"line":57,"column":8},"end":{"line":57,"column":18}}]},"10":{"loc":{"start":{"line":73,"column":4},"end":{"line":80,"column":null}},"type":"if","locations":[{"start":{"line":73,"column":4},"end":{"line":80,"column":null}},{"start":{"line":73,"column":4},"end":{"line":80,"column":null}}]},"11":{"loc":{"start":{"line":74,"column":8},"end":{"line":74,"column":28}},"type":"binary-expr","locations":[{"start":{"line":74,"column":8},"end":{"line":74,"column":28}},{"start":{"line":75,"column":9},"end":{"line":75,"column":28}},{"start":{"line":75,"column":32},"end":{"line":75,"column":66}}]},"12":{"loc":{"start":{"line":153,"column":4},"end":{"line":153,"column":55}},"type":"switch","locations":[{"start":{"line":153,"column":4},"end":{"line":153,"column":55}}]}},"s":{"0":1,"1":1,"2":1,"3":1,"4":1,"5":1,"6":1,"7":0,"8":1,"9":57,"10":57,"11":7,"12":0,"13":7,"14":7,"15":1,"16":6,"17":1,"18":5,"19":1,"20":57,"21":1,"22":56,"23":0,"24":0,"25":59,"26":114,"27":57,"28":57,"29":0,"30":0,"31":2,"32":58,"33":58,"34":0,"35":57,"36":57,"37":1,"38":57,"39":1,"40":0,"41":1,"42":1,"43":1,"44":15,"45":1,"46":54,"47":1,"48":3,"49":1,"50":1,"51":1,"52":7,"53":8,"54":4,"55":4,"56":4,"57":1,"58":1},"f":{"0":57,"1":7,"2":57,"3":58,"4":57,"5":58,"6":57,"7":1,"8":0,"9":15,"10":54,"11":3,"12":1,"13":7,"14":4},"b":{"0":[0,1],"1":[0,7],"2":[1,6],"3":[1,5],"4":[1,4],"5":[1,56],"6":[0,56],"7":[0,0],"8":[1],"9":[1,57],"10":[58,0],"11":[58,58,58],"12":[4]}}
,"/Users/sunyi/Documents/opensource/Logan/Logan/WebSDK/src/interface.ts": {"path":"/Users/sunyi/Documents/opensource/Logan/Logan/WebSDK/src/interface.ts","statementMap":{"0":{"start":{"line":4,"column":0},"end":{"line":4,"column":null}},"1":{"start":{"line":5,"column":4},"end":{"line":5,"column":null}},"2":{"start":{"line":6,"column":4},"end":{"line":6,"column":null}},"3":{"start":{"line":7,"column":4},"end":{"line":7,"column":null}},"4":{"start":{"line":8,"column":4},"end":{"line":8,"column":null}},"5":{"start":{"line":9,"column":4},"end":{"line":9,"column":null}},"6":{"start":{"line":10,"column":4},"end":{"line":10,"column":null}},"7":{"start":{"line":21,"column":0},"end":{"line":21,"column":null}},"8":{"start":{"line":22,"column":4},"end":{"line":22,"column":null}},"9":{"start":{"line":23,"column":4},"end":{"line":23,"column":null}}},"fnMap":{"0":{"name":"(anonymous_0)","decl":{"start":{"line":4,"column":0},"end":{"line":4,"column":12}},"loc":{"start":{"line":4,"column":21},"end":{"line":11,"column":1}}},"1":{"name":"(anonymous_1)","decl":{"start":{"line":21,"column":0},"end":{"line":21,"column":12}},"loc":{"start":{"line":21,"column":26},"end":{"line":24,"column":1}}}},"branchMap":{"0":{"loc":{"start":{"line":4,"column":12},"end":{"line":4,"column":21}},"type":"binary-expr","locations":[{"start":{"line":4,"column":12},"end":{"line":4,"column":21}},{"start":{"line":4,"column":12},"end":{"line":4,"column":null}}]},"1":{"loc":{"start":{"line":21,"column":12},"end":{"line":21,"column":26}},"type":"binary-expr","locations":[{"start":{"line":21,"column":12},"end":{"line":21,"column":26}},{"start":{"line":21,"column":12},"end":{"line":21,"column":null}}]}},"s":{"0":1,"1":1,"2":1,"3":1,"4":1,"5":1,"6":1,"7":1,"8":1,"9":1},"f":{"0":1,"1":1},"b":{"0":[1,1],"1":[1,1]}}
,"/Users/sunyi/Documents/opensource/Logan/Logan/WebSDK/src/log-manager.ts": {"path":"/Users/sunyi/Documents/opensource/Logan/Logan/WebSDK/src/log-manager.ts","statementMap":{"0":{"start":{"line":1,"column":0},"end":{"line":1,"column":30}},"1":{"start":{"line":2,"column":26},"end":{"line":2,"column":61}},"2":{"start":{"line":4,"column":4},"end":{"line":6,"column":null}},"3":{"start":{"line":5,"column":8},"end":{"line":5,"column":22}},"4":{"start":{"line":10,"column":4},"end":{"line":10,"column":27}},"5":{"start":{"line":14,"column":4},"end":{"line":14,"column":54}},"6":{"start":{"line":17,"column":0},"end":{"line":21,"column":2}}},"fnMap":{"0":{"name":"errorTrigger","decl":{"start":{"line":3,"column":9},"end":{"line":3,"column":21}},"loc":{"start":{"line":3,"column":21},"end":{"line":7,"column":1}}},"1":{"name":"canSave","decl":{"start":{"line":9,"column":9},"end":{"line":9,"column":16}},"loc":{"start":{"line":9,"column":16},"end":{"line":11,"column":1}}},"2":{"name":"resetQuota","decl":{"start":{"line":13,"column":9},"end":{"line":13,"column":19}},"loc":{"start":{"line":13,"column":19},"end":{"line":15,"column":1}}}},"branchMap":{"0":{"loc":{"start":{"line":4,"column":4},"end":{"line":6,"column":null}},"type":"if","locations":[{"start":{"line":4,"column":4},"end":{"line":6,"column":null}},{"start":{"line":4,"column":4},"end":{"line":6,"column":null}}]}},"s":{"0":1,"1":1,"2":19,"3":7,"4":115,"5":11,"6":1},"f":{"0":19,"1":115,"2":11},"b":{"0":[7,12]}}
,"/Users/sunyi/Documents/opensource/Logan/Logan/WebSDK/src/node_index.ts": {"path":"/Users/sunyi/Documents/opensource/Logan/Logan/WebSDK/src/node_index.ts","statementMap":{"0":{"start":{"line":5,"column":11},"end":{"line":5,"column":37}},"1":{"start":{"line":6,"column":0},"end":{"line":13,"column":2}}},"fnMap":{"0":{"name":"(anonymous_0)","decl":{"start":{"line":5,"column":11},"end":{"line":5,"column":36}},"loc":{"start":{"line":5,"column":11},"end":{"line":5,"column":37}}}},"branchMap":{},"s":{"0":1,"1":1},"f":{"0":5},"b":{}}
,"/Users/sunyi/Documents/opensource/Logan/Logan/WebSDK/src/report-log.ts": {"path":"/Users/sunyi/Documents/opensource/Logan/Logan/WebSDK/src/report-log.ts","statementMap":{"0":{"start":{"line":1,"column":0},"end":{"line":1,"column":83}},"1":{"start":{"line":2,"column":0},"end":{"line":2,"column":37}},"2":{"start":{"line":3,"column":0},"end":{"line":3,"column":null}},"3":{"start":{"line":8,"column":0},"end":{"line":8,"column":30}},"4":{"start":{"line":9,"column":0},"end":{"line":9,"column":38}},"5":{"start":{"line":10,"column":0},"end":{"line":10,"column":80}},"6":{"start":{"line":17,"column":21},"end":{"line":17,"column":null}},"7":{"start":{"line":17,"column":10},"end":{"line":17,"column":null}},"8":{"start":{"line":18,"column":10},"end":{"line":21,"column":11}},"9":{"start":{"line":20,"column":12},"end":{"line":20,"column":57}},"10":{"start":{"line":22,"column":10},"end":{"line":22,"column":72}},"11":{"start":{"line":23,"column":10},"end":{"line":23,"column":193}},"12":{"start":{"line":24,"column":11},"end":{"line":42,"column":32}},"13":{"start":{"line":36,"column":20},"end":{"line":36,"column":65}},"14":{"start":{"line":24,"column":4},"end":{"line":42,"column":33}},"15":{"start":{"line":48,"column":8},"end":{"line":48,"column":9}},"16":{"start":{"line":49,"column":8},"end":{"line":49,"column":50}},"17":{"start":{"line":51,"column":8},"end":{"line":55,"column":null}},"18":{"start":{"line":52,"column":12},"end":{"line":54,"column":29}},"19":{"start":{"line":56,"column":51},"end":{"line":59,"column":null}},"20":{"start":{"line":56,"column":14},"end":{"line":59,"column":null}},"21":{"start":{"line":60,"column":14},"end":{"line":74,"column":15}},"22":{"start":{"line":63,"column":12},"end":{"line":72,"column":null}},"23":{"start":{"line":67,"column":20},"end":{"line":70,"column":22}},"24":{"start":{"line":75,"column":14},"end":{"line":75,"column":46}},"25":{"start":{"line":76,"column":14},"end":{"line":76,"column":69}},"26":{"start":{"line":77,"column":14},"end":{"line":77,"column":65}},"27":{"start":{"line":79,"column":16},"end":{"line":79,"column":null}},"28":{"start":{"line":80,"column":12},"end":{"line":80,"column":null}},"29":{"start":{"line":80,"column":31},"end":{"line":80,"column":null}},"30":{"start":{"line":83,"column":18},"end":{"line":83,"column":61}},"31":{"start":{"line":84,"column":16},"end":{"line":84,"column":28}},"32":{"start":{"line":86,"column":37},"end":{"line":90,"column":22}},"33":{"start":{"line":88,"column":28},"end":{"line":88,"column":75}},"34":{"start":{"line":86,"column":26},"end":{"line":90,"column":null}},"35":{"start":{"line":91,"column":20},"end":{"line":95,"column":23}},"36":{"start":{"line":92,"column":24},"end":{"line":94,"column":null}},"37":{"start":{"line":93,"column":28},"end":{"line":93,"column":76}},"38":{"start":{"line":96,"column":20},"end":{"line":96,"column":78}},"39":{"start":{"line":98,"column":20},"end":{"line":101,"column":22}},"40":{"start":{"line":104,"column":16},"end":{"line":104,"column":65}},"41":{"start":{"line":81,"column":12},"end":{"line":81,"column":null}},"42":{"start":{"line":107,"column":8},"end":{"line":107,"column":28}},"43":{"start":{"line":45,"column":0},"end":{"line":45,"column":30}}},"fnMap":{"0":{"name":"getLogAndSend","decl":{"start":{"line":16,"column":15},"end":{"line":16,"column":28}},"loc":{"start":{"line":16,"column":76},"end":{"line":43,"column":null}}},"1":{"name":"(anonymous_18)","decl":{"start":{"line":19,"column":13},"end":{"line":19,"column":20}},"loc":{"start":{"line":19,"column":20},"end":{"line":21,"column":9}}},"2":{"name":"(anonymous_19)","decl":{"start":{"line":35,"column":21},"end":{"line":35,"column":28}},"loc":{"start":{"line":35,"column":28},"end":{"line":37,"column":17}}},"3":{"name":"reportLog","decl":{"start":{"line":45,"column":30},"end":{"line":45,"column":39}},"loc":{"start":{"line":46,"column":30},"end":{"line":109,"column":null}}},"4":{"name":"(anonymous_23)","decl":{"start":{"line":62,"column":35},"end":{"line":62,"column":36}},"loc":{"start":{"line":62,"column":68},"end":{"line":74,"column":9}}},"5":{"name":"(anonymous_24)","decl":{"start":{"line":66,"column":90},"end":{"line":66,"column":91}},"loc":{"start":{"line":66,"column":103},"end":{"line":71,"column":17}}},"6":{"name":"(anonymous_25)","decl":{"start":{"line":87,"column":49},"end":{"line":87,"column":59}},"loc":{"start":{"line":87,"column":59},"end":{"line":89,"column":25}}},"7":{"name":"(anonymous_26)","decl":{"start":{"line":91,"column":36},"end":{"line":91,"column":42}},"loc":{"start":{"line":91,"column":42},"end":{"line":95,"column":21}}}},"branchMap":{"0":{"loc":{"start":{"line":17,"column":21},"end":{"line":17,"column":null}},"type":"switch","locations":[{"start":{"line":17,"column":21},"end":{"line":17,"column":null}},{"start":{"line":24,"column":4},"end":{"line":42,"column":33}}]},"1":{"loc":{"start":{"line":23,"column":95},"end":{"line":23,"column":187}},"type":"cond-expr","locations":[{"start":{"line":23,"column":95},"end":{"line":23,"column":187}},{"start":{"line":23,"column":190},"end":{"line":23,"column":192}}]},"2":{"loc":{"start":{"line":25,"column":8},"end":{"line":25,"column":31}},"type":"binary-expr","locations":[{"start":{"line":25,"column":8},"end":{"line":25,"column":31}},{"start":{"line":25,"column":35},"end":{"line":25,"column":57}},{"start":{"line":25,"column":62},"end":{"line":25,"column":96}}]},"3":{"loc":{"start":{"line":26,"column":8},"end":{"line":26,"column":26}},"type":"binary-expr","locations":[{"start":{"line":26,"column":8},"end":{"line":26,"column":26}},{"start":{"line":26,"column":30},"end":{"line":39,"column":10}}]},"4":{"loc":{"start":{"line":28,"column":26},"end":{"line":28,"column":48}},"type":"binary-expr","locations":[{"start":{"line":28,"column":26},"end":{"line":28,"column":48}},{"start":{"line":28,"column":52},"end":{"line":28,"column":54}}]},"5":{"loc":{"start":{"line":30,"column":28},"end":{"line":30,"column":52}},"type":"binary-expr","locations":[{"start":{"line":30,"column":28},"end":{"line":30,"column":52}},{"start":{"line":30,"column":56},"end":{"line":30,"column":58}}]},"6":{"loc":{"start":{"line":31,"column":27},"end":{"line":31,"column":50}},"type":"binary-expr","locations":[{"start":{"line":31,"column":27},"end":{"line":31,"column":50}},{"start":{"line":31,"column":54},"end":{"line":31,"column":56}}]},"7":{"loc":{"start":{"line":40,"column":54},"end":{"line":40,"column":92}},"type":"cond-expr","locations":[{"start":{"line":40,"column":54},"end":{"line":40,"column":92}},{"start":{"line":40,"column":95},"end":{"line":40,"column":99}}]},"8":{"loc":{"start":{"line":107,"column":8},"end":{"line":107,"column":28}},"type":"switch","locations":[{"start":{"line":107,"column":8},"end":{"line":107,"column":28}}]},"9":{"loc":{"start":{"line":48,"column":8},"end":{"line":48,"column":9}},"type":"if","locations":[{"start":{"line":48,"column":8},"end":{"line":48,"column":9}},{"start":{"line":48,"column":8},"end":{"line":48,"column":9}}]},"10":{"loc":{"start":{"line":51,"column":8},"end":{"line":55,"column":null}},"type":"if","locations":[{"start":{"line":51,"column":8},"end":{"line":55,"column":null}},{"start":{"line":51,"column":8},"end":{"line":55,"column":null}}]},"11":{"loc":{"start":{"line":66,"column":49},"end":{"line":71,"column":18}},"type":"cond-expr","locations":[{"start":{"line":66,"column":49},"end":{"line":71,"column":18}},{"start":{"line":71,"column":21},"end":{"line":71,"column":23}}]},"12":{"loc":{"start":{"line":80,"column":12},"end":{"line":80,"column":null}},"type":"if","locations":[{"start":{"line":80,"column":12},"end":{"line":80,"column":null}},{"start":{"line":80,"column":12},"end":{"line":80,"column":null}}]},"13":{"loc":{"start":{"line":84,"column":16},"end":{"line":84,"column":28}},"type":"if","locations":[{"start":{"line":84,"column":16},"end":{"line":84,"column":28}},{"start":{"line":84,"column":16},"end":{"line":84,"column":28}}]},"14":{"loc":{"start":{"line":84,"column":16},"end":{"line":84,"column":36}},"type":"binary-expr","locations":[{"start":{"line":84,"column":16},"end":{"line":84,"column":36}},{"start":{"line":84,"column":40},"end":{"line":84,"column":71}}]},"15":{"loc":{"start":{"line":92,"column":24},"end":{"line":94,"column":null}},"type":"if","locations":[{"start":{"line":92,"column":24},"end":{"line":94,"column":null}},{"start":{"line":92,"column":24},"end":{"line":94,"column":null}}]},"16":{"loc":{"start":{"line":100,"column":30},"end":{"line":100,"column":39}},"type":"binary-expr","locations":[{"start":{"line":100,"column":30},"end":{"line":100,"column":39}},{"start":{"line":100,"column":43},"end":{"line":100,"column":50}},{"start":{"line":100,"column":54},"end":{"line":100,"column":71}}]}},"s":{"0":1,"1":1,"2":1,"3":1,"4":1,"5":1,"6":4,"7":4,"8":4,"9":6,"10":4,"11":4,"12":4,"13":6,"14":4,"15":8,"16":0,"17":4,"18":1,"19":4,"20":4,"21":4,"22":4,"23":4,"24":4,"25":4,"26":4,"27":4,"28":9,"29":4,"30":5,"31":6,"32":4,"33":4,"34":4,"35":3,"36":3,"37":1,"38":2,"39":2,"40":1,"41":5,"42":4,"43":1},"f":{"0":4,"1":6,"2":6,"3":4,"4":4,"5":4,"6":4,"7":3},"b":{"0":[4,4],"1":[1,3],"2":[4,3,3],"3":[4,4],"4":[4,4],"5":[4,4],"6":[4,4],"7":[0,4],"8":[4],"9":[4,0],"10":[1,3],"11":[4,0],"12":[4,5],"13":[1,4],"14":[5,4],"15":[1,2],"16":[2,0,0]}}
,"/Users/sunyi/Documents/opensource/Logan/Logan/WebSDK/src/save-log.ts": {"path":"/Users/sunyi/Documents/opensource/Logan/Logan/WebSDK/src/save-log.ts","statementMap":{"0":{"start":{"line":1,"column":0},"end":{"line":1,"column":67}},"1":{"start":{"line":2,"column":0},"end":{"line":2,"column":30}},"2":{"start":{"line":3,"column":0},"end":{"line":3,"column":37}},"3":{"start":{"line":4,"column":0},"end":{"line":4,"column":39}},"4":{"start":{"line":5,"column":17},"end":{"line":5,"column":46}},"5":{"start":{"line":6,"column":19},"end":{"line":6,"column":50}},"6":{"start":{"line":15,"column":30},"end":{"line":15,"column":32}},"7":{"start":{"line":16,"column":27},"end":{"line":16,"column":32}},"8":{"start":{"line":18,"column":21},"end":{"line":18,"column":41}},"9":{"start":{"line":19,"column":23},"end":{"line":19,"column":52}},"10":{"start":{"line":20,"column":4},"end":{"line":20,"column":22}},"11":{"start":{"line":24,"column":11},"end":{"line":24,"column":null}},"12":{"start":{"line":24,"column":46},"end":{"line":24,"column":null}},"13":{"start":{"line":25,"column":8},"end":{"line":25,"column":27}},"14":{"start":{"line":26,"column":14},"end":{"line":26,"column":60}},"15":{"start":{"line":27,"column":14},"end":{"line":27,"column":52}},"16":{"start":{"line":28,"column":14},"end":{"line":28,"column":60}},"17":{"start":{"line":30,"column":12},"end":{"line":32,"column":null}},"18":{"start":{"line":31,"column":16},"end":{"line":31,"column":60}},"19":{"start":{"line":33,"column":12},"end":{"line":35,"column":null}},"20":{"start":{"line":34,"column":16},"end":{"line":34,"column":58}},"21":{"start":{"line":36,"column":12},"end":{"line":40,"column":null}},"22":{"start":{"line":37,"column":16},"end":{"line":39,"column":33}},"23":{"start":{"line":41,"column":16},"end":{"line":41,"column":30}},"24":{"start":{"line":42,"column":22},"end":{"line":44,"column":18}},"25":{"start":{"line":45,"column":16},"end":{"line":47,"column":18}},"26":{"start":{"line":48,"column":23},"end":{"line":48,"column":37}},"27":{"start":{"line":49,"column":22},"end":{"line":49,"column":58}},"28":{"start":{"line":50,"column":41},"end":{"line":51,"column":null}},"29":{"start":{"line":50,"column":22},"end":{"line":52,"column":null}},"30":{"start":{"line":53,"column":22},"end":{"line":56,"column":18}},"31":{"start":{"line":57,"column":22},"end":{"line":62,"column":18}},"32":{"start":{"line":63,"column":16},"end":{"line":65,"column":18}},"33":{"start":{"line":67,"column":16},"end":{"line":67,"column":86}},"34":{"start":{"line":69,"column":12},"end":{"line":69,"column":73}},"35":{"start":{"line":71,"column":12},"end":{"line":71,"column":38}},"36":{"start":{"line":72,"column":12},"end":{"line":72,"column":62}},"37":{"start":{"line":74,"column":12},"end":{"line":74,"column":32}},"38":{"start":{"line":75,"column":12},"end":{"line":75,"column":28}},"39":{"start":{"line":81,"column":4},"end":{"line":81,"column":29}},"40":{"start":{"line":82,"column":4},"end":{"line":82,"column":20}},"41":{"start":{"line":80,"column":0},"end":{"line":80,"column":24}}},"fnMap":{"0":{"name":"base64Encode","decl":{"start":{"line":17,"column":9},"end":{"line":17,"column":21}},"loc":{"start":{"line":17,"column":35},"end":{"line":21,"column":1}}},"1":{"name":"saveRecursion","decl":{"start":{"line":23,"column":15},"end":{"line":23,"column":28}},"loc":{"start":{"line":23,"column":28},"end":{"line":78,"column":null}}},"2":{"name":"(anonymous_17)","decl":{"start":{"line":50,"column":41},"end":{"line":50,"column":null}},"loc":{"start":{"line":50,"column":41},"end":{"line":51,"column":null}}},"3":{"name":"saveLog","decl":{"start":{"line":80,"column":24},"end":{"line":80,"column":31}},"loc":{"start":{"line":80,"column":53},"end":{"line":83,"column":1}}}},"branchMap":{"0":{"loc":{"start":{"line":67,"column":16},"end":{"line":67,"column":86}},"type":"switch","locations":[{"start":{"line":67,"column":16},"end":{"line":67,"column":86}},{"start":{"line":69,"column":12},"end":{"line":69,"column":73}}]},"1":{"loc":{"start":{"line":24,"column":11},"end":{"line":24,"column":null}},"type":"if","locations":[{"start":{"line":24,"column":11},"end":{"line":24,"column":null}},{"start":{"line":24,"column":11},"end":{"line":24,"column":null}}]},"2":{"loc":{"start":{"line":24,"column":11},"end":{"line":24,"column":30}},"type":"binary-expr","locations":[{"start":{"line":24,"column":11},"end":{"line":24,"column":30}},{"start":{"line":24,"column":34},"end":{"line":24,"column":46}}]},"3":{"loc":{"start":{"line":30,"column":12},"end":{"line":32,"column":null}},"type":"if","locations":[{"start":{"line":30,"column":12},"end":{"line":32,"column":null}},{"start":{"line":30,"column":12},"end":{"line":32,"column":null}}]},"4":{"loc":{"start":{"line":33,"column":12},"end":{"line":35,"column":null}},"type":"if","locations":[{"start":{"line":33,"column":12},"end":{"line":35,"column":null}},{"start":{"line":33,"column":12},"end":{"line":35,"column":null}}]},"5":{"loc":{"start":{"line":36,"column":12},"end":{"line":40,"column":null}},"type":"if","locations":[{"start":{"line":36,"column":12},"end":{"line":40,"column":null}},{"start":{"line":36,"column":12},"end":{"line":40,"column":null}}]},"6":{"loc":{"start":{"line":41,"column":16},"end":{"line":41,"column":30}},"type":"if","locations":[{"start":{"line":41,"column":16},"end":{"line":41,"column":30}},{"start":{"line":41,"column":16},"end":{"line":41,"column":30}}]},"7":{"loc":{"start":{"line":48,"column":23},"end":{"line":48,"column":37}},"type":"if","locations":[{"start":{"line":48,"column":23},"end":{"line":48,"column":37}},{"start":{"line":48,"column":23},"end":{"line":48,"column":37}}]}},"s":{"0":1,"1":1,"2":1,"3":1,"4":1,"5":1,"6":1,"7":1,"8":37,"9":37,"10":37,"11":171,"12":114,"13":57,"14":57,"15":57,"16":57,"17":57,"18":12,"19":45,"20":4,"21":41,"22":1,"23":45,"24":37,"25":74,"26":4,"27":4,"28":8,"29":4,"30":4,"31":4,"32":8,"33":0,"34":76,"35":19,"36":38,"37":57,"38":57,"39":57,"40":57,"41":1},"f":{"0":37,"1":114,"2":4,"3":57},"b":{"0":[0,38],"1":[114,57],"2":[171,145],"3":[12,45],"4":[4,41],"5":[1,40],"6":[4,37],"7":[0,4]}}
,"/Users/sunyi/Documents/opensource/Logan/Logan/WebSDK/src/lib/ajax.ts": {"path":"/Users/sunyi/Documents/opensource/Logan/Logan/WebSDK/src/lib/ajax.ts","statementMap":{"0":{"start":{"line":1,"column":0},"end":{"line":1,"column":24}},"1":{"start":{"line":3,"column":4},"end":{"line":20,"column":7}},"2":{"start":{"line":4,"column":8},"end":{"line":19,"column":11}},"3":{"start":{"line":14,"column":16},"end":{"line":14,"column":29}},"4":{"start":{"line":17,"column":16},"end":{"line":17,"column":55}},"5":{"start":{"line":2,"column":0},"end":{"line":2,"column":22}}},"fnMap":{"0":{"name":"ajaxPost","decl":{"start":{"line":2,"column":22},"end":{"line":2,"column":30}},"loc":{"start":{"line":2,"column":110},"end":{"line":21,"column":null}}},"1":{"name":"(anonymous_16)","decl":{"start":{"line":3,"column":23},"end":{"line":3,"column":24}},"loc":{"start":{"line":3,"column":39},"end":{"line":20,"column":5}}},"2":{"name":"(anonymous_17)","decl":{"start":{"line":13,"column":21},"end":{"line":13,"column":22}},"loc":{"start":{"line":13,"column":30},"end":{"line":15,"column":13}}},"3":{"name":"(anonymous_18)","decl":{"start":{"line":16,"column":18},"end":{"line":16,"column":19}},"loc":{"start":{"line":16,"column":27},"end":{"line":18,"column":13}}}},"branchMap":{"0":{"loc":{"start":{"line":17,"column":23},"end":{"line":17,"column":26}},"type":"binary-expr","locations":[{"start":{"line":17,"column":23},"end":{"line":17,"column":26}},{"start":{"line":17,"column":30},"end":{"line":17,"column":53}}]}},"s":{"0":1,"1":4,"2":4,"3":3,"4":1,"5":1},"f":{"0":4,"1":4,"2":3,"3":1},"b":{"0":[1,1]}}
,"/Users/sunyi/Documents/opensource/Logan/Logan/WebSDK/src/lib/encryption.ts": {"path":"/Users/sunyi/Documents/opensource/Logan/Logan/WebSDK/src/lib/encryption.ts","statementMap":{"0":{"start":{"line":2,"column":0},"end":{"line":2,"column":40}},"1":{"start":{"line":3,"column":12},"end":{"line":3,"column":36}},"2":{"start":{"line":4,"column":17},"end":{"line":4,"column":46}},"3":{"start":{"line":5,"column":19},"end":{"line":5,"column":50}},"4":{"start":{"line":6,"column":17},"end":{"line":6,"column":46}},"5":{"start":{"line":7,"column":22},"end":{"line":7,"column":56}},"6":{"start":{"line":14,"column":17},"end":{"line":14,"column":19}},"7":{"start":{"line":15,"column":4},"end":{"line":19,"column":null}},"8":{"start":{"line":16,"column":8},"end":{"line":18,"column":26}},"9":{"start":{"line":20,"column":4},"end":{"line":20,"column":18}},"10":{"start":{"line":30,"column":16},"end":{"line":30,"column":41}},"11":{"start":{"line":31,"column":15},"end":{"line":31,"column":39}},"12":{"start":{"line":32,"column":25},"end":{"line":36,"column":6}},"13":{"start":{"line":37,"column":23},"end":{"line":37,"column":46}},"14":{"start":{"line":38,"column":29},"end":{"line":38,"column":60}},"15":{"start":{"line":39,"column":4},"end":{"line":39,"column":28}},"16":{"start":{"line":43,"column":15},"end":{"line":43,"column":30}},"17":{"start":{"line":44,"column":4},"end":{"line":44,"column":31}},"18":{"start":{"line":45,"column":19},"end":{"line":45,"column":40}},"19":{"start":{"line":46,"column":4},"end":{"line":46,"column":18}},"20":{"start":{"line":53,"column":4},"end":{"line":53,"column":79}},"21":{"start":{"line":60,"column":15},"end":{"line":60,"column":38}},"22":{"start":{"line":61,"column":19},"end":{"line":61,"column":42}},"23":{"start":{"line":62,"column":23},"end":{"line":62,"column":56}},"24":{"start":{"line":63,"column":22},"end":{"line":63,"column":51}},"25":{"start":{"line":64,"column":4},"end":{"line":68,"column":6}},"26":{"start":{"line":56,"column":0},"end":{"line":56,"column":16}}},"fnMap":{"0":{"name":"generateRandomBytes","decl":{"start":{"line":13,"column":9},"end":{"line":13,"column":28}},"loc":{"start":{"line":13,"column":48},"end":{"line":21,"column":1}}},"1":{"name":"aesEncrypt","decl":{"start":{"line":23,"column":9},"end":{"line":23,"column":19}},"loc":{"start":{"line":28,"column":16},"end":{"line":40,"column":1}}},"2":{"name":"rsaEncrypt","decl":{"start":{"line":42,"column":9},"end":{"line":42,"column":19}},"loc":{"start":{"line":42,"column":57},"end":{"line":47,"column":1}}},"3":{"name":"ctrEncrypt","decl":{"start":{"line":52,"column":9},"end":{"line":52,"column":19}},"loc":{"start":{"line":52,"column":75},"end":{"line":54,"column":1}}},"4":{"name":"encryptByRSA","decl":{"start":{"line":56,"column":16},"end":{"line":56,"column":28}},"loc":{"start":{"line":58,"column":21},"end":{"line":69,"column":1}}}},"branchMap":{},"s":{"0":1,"1":1,"2":1,"3":1,"4":1,"5":1,"6":8,"7":8,"8":128,"9":8,"10":4,"11":4,"12":4,"13":4,"14":4,"15":4,"16":4,"17":4,"18":4,"19":4,"20":4,"21":4,"22":4,"23":4,"24":4,"25":4,"26":1},"f":{"0":8,"1":4,"2":4,"3":4,"4":4},"b":{}}
,"/Users/sunyi/Documents/opensource/Logan/Logan/WebSDK/src/lib/logan-db.ts": {"path":"/Users/sunyi/Documents/opensource/Logan/Logan/WebSDK/src/lib/logan-db.ts","statementMap":{"0":{"start":{"line":1,"column":0},"end":{"line":1,"column":65}},"1":{"start":{"line":2,"column":0},"end":{"line":2,"column":72}},"2":{"start":{"line":3,"column":0},"end":{"line":3,"column":41}},"3":{"start":{"line":4,"column":25},"end":{"line":4,"column":26}},"4":{"start":{"line":5,"column":22},"end":{"line":5,"column":36}},"5":{"start":{"line":6,"column":30},"end":{"line":6,"column":50}},"6":{"start":{"line":7,"column":36},"end":{"line":7,"column":51}},"7":{"start":{"line":8,"column":36},"end":{"line":8,"column":51}},"8":{"start":{"line":9,"column":27},"end":{"line":9,"column":42}},"9":{"start":{"line":10,"column":13},"end":{"line":10,"column":50}},"10":{"start":{"line":11,"column":29},"end":{"line":11,"column":49}},"11":{"start":{"line":12,"column":36},"end":{"line":12,"column":46}},"12":{"start":{"line":13,"column":37},"end":{"line":13,"column":47}},"13":{"start":{"line":33,"column":0},"end":{"line":33,"column":21}},"14":{"start":{"line":38,"column":8},"end":{"line":58,"column":11}},"15":{"start":{"line":64,"column":4},"end":{"line":69,"column":null}},"16":{"start":{"line":68,"column":8},"end":{"line":68,"column":40}},"17":{"start":{"line":70,"column":4},"end":{"line":76,"column":null}},"18":{"start":{"line":71,"column":27},"end":{"line":71,"column":48}},"19":{"start":{"line":72,"column":8},"end":{"line":75,"column":10}},"20":{"start":{"line":77,"column":10},"end":{"line":82,"column":null}},"21":{"start":{"line":78,"column":17},"end":{"line":81,"column":44}},"22":{"start":{"line":78,"column":8},"end":{"line":81,"column":45}},"23":{"start":{"line":83,"column":10},"end":{"line":105,"column":null}},"24":{"start":{"line":87,"column":12},"end":{"line":87,"column":22}},"25":{"start":{"line":88,"column":29},"end":{"line":91,"column":48}},"26":{"start":{"line":88,"column":18},"end":{"line":91,"column":null}},"27":{"start":{"line":92,"column":12},"end":{"line":92,"column":42}},"28":{"start":{"line":94,"column":21},"end":{"line":103,"column":46}},"29":{"start":{"line":94,"column":12},"end":{"line":103,"column":47}},"30":{"start":{"line":106,"column":10},"end":{"line":117,"column":null}},"31":{"start":{"line":109,"column":23},"end":{"line":115,"column":39}},"32":{"start":{"line":109,"column":14},"end":{"line":115,"column":null}},"33":{"start":{"line":116,"column":8},"end":{"line":116,"column":20}},"34":{"start":{"line":118,"column":10},"end":{"line":183,"column":null}},"35":{"start":{"line":119,"column":14},"end":{"line":119,"column":42}},"36":{"start":{"line":120,"column":14},"end":{"line":120,"column":31}},"37":{"start":{"line":121,"column":14},"end":{"line":121,"column":50}},"38":{"start":{"line":122,"column":44},"end":{"line":124,"column":10}},"39":{"start":{"line":122,"column":14},"end":{"line":130,"column":null}},"40":{"start":{"line":131,"column":8},"end":{"line":133,"column":null}},"41":{"start":{"line":132,"column":12},"end":{"line":132,"column":61}},"42":{"start":{"line":134,"column":8},"end":{"line":136,"column":null}},"43":{"start":{"line":135,"column":12},"end":{"line":135,"column":59}},"44":{"start":{"line":137,"column":14},"end":{"line":137,"column":72}},"45":{"start":{"line":138,"column":14},"end":{"line":138,"column":64}},"46":{"start":{"line":139,"column":14},"end":{"line":139,"column":70}},"47":{"start":{"line":140,"column":14},"end":{"line":142,"column":69}},"48":{"start":{"line":143,"column":14},"end":{"line":151,"column":13}},"49":{"start":{"line":144,"column":28},"end":{"line":144,"column":55}},"50":{"start":{"line":145,"column":12},"end":{"line":149,"column":null}},"51":{"start":{"line":146,"column":16},"end":{"line":146,"column":38}},"52":{"start":{"line":148,"column":16},"end":{"line":148,"column":53}},"53":{"start":{"line":150,"column":12},"end":{"line":150,"column":27}},"54":{"start":{"line":152,"column":14},"end":{"line":160,"column":10}},"55":{"start":{"line":161,"column":14},"end":{"line":167,"column":10}},"56":{"start":{"line":169,"column":14},"end":{"line":170,"column":77}},"57":{"start":{"line":171,"column":8},"end":{"line":182,"column":11}},"58":{"start":{"line":34,"column":18},"end":{"line":34,"column":50}},"59":{"start":{"line":35,"column":18},"end":{"line":35,"column":38}},"60":{"start":{"line":184,"column":0},"end":{"line":184,"column":null}},"61":{"start":{"line":33,"column":21},"end":{"line":33,"column":null}}},"fnMap":{"0":{"name":"(anonymous_13)","decl":{"start":{"line":33,"column":0},"end":{"line":33,"column":21}},"loc":{"start":{"line":33,"column":0},"end":{"line":33,"column":21}}},"1":{"name":"LoganDB","decl":{"start":{"line":37,"column":4},"end":{"line":37,"column":16}},"loc":{"start":{"line":37,"column":31},"end":{"line":59,"column":5}}},"2":{"name":"(anonymous_15)","decl":{"start":{"line":64,"column":4},"end":{"line":64,"column":26}},"loc":{"start":{"line":66,"column":25},"end":{"line":69,"column":5}}},"3":{"name":"(anonymous_16)","decl":{"start":{"line":70,"column":4},"end":{"line":70,"column":23}},"loc":{"start":{"line":70,"column":59},"end":{"line":76,"column":5}}},"4":{"name":"(anonymous_17)","decl":{"start":{"line":77,"column":4},"end":{"line":77,"column":10}},"loc":{"start":{"line":77,"column":39},"end":{"line":82,"column":null}}},"5":{"name":"(anonymous_20)","decl":{"start":{"line":83,"column":4},"end":{"line":83,"column":10}},"loc":{"start":{"line":85,"column":24},"end":{"line":105,"column":null}}},"6":{"name":"(anonymous_23)","decl":{"start":{"line":106,"column":4},"end":{"line":106,"column":10}},"loc":{"start":{"line":107,"column":42},"end":{"line":117,"column":null}}},"7":{"name":"(anonymous_26)","decl":{"start":{"line":118,"column":4},"end":{"line":118,"column":10}},"loc":{"start":{"line":118,"column":35},"end":{"line":183,"column":null}}},"8":{"name":"(anonymous_29)","decl":{"start":{"line":143,"column":34},"end":{"line":143,"column":null}},"loc":{"start":{"line":143,"column":34},"end":{"line":151,"column":9}}}},"branchMap":{"0":{"loc":{"start":{"line":39,"column":20},"end":{"line":39,"column":26}},"type":"binary-expr","locations":[{"start":{"line":39,"column":20},"end":{"line":39,"column":26}},{"start":{"line":39,"column":30},"end":{"line":39,"column":43}}]},"1":{"loc":{"start":{"line":78,"column":17},"end":{"line":81,"column":44}},"type":"switch","locations":[{"start":{"line":78,"column":17},"end":{"line":81,"column":44}},{"start":{"line":78,"column":8},"end":{"line":81,"column":45}}]},"2":{"loc":{"start":{"line":94,"column":21},"end":{"line":103,"column":46}},"type":"switch","locations":[{"start":{"line":94,"column":21},"end":{"line":103,"column":46}},{"start":{"line":94,"column":12},"end":{"line":103,"column":47}}]},"3":{"loc":{"start":{"line":87,"column":12},"end":{"line":87,"column":22}},"type":"if","locations":[{"start":{"line":87,"column":12},"end":{"line":87,"column":22}},{"start":{"line":87,"column":12},"end":{"line":87,"column":22}}]},"4":{"loc":{"start":{"line":92,"column":28},"end":{"line":92,"column":36}},"type":"cond-expr","locations":[{"start":{"line":92,"column":28},"end":{"line":92,"column":36}},{"start":{"line":92,"column":39},"end":{"line":92,"column":41}}]},"5":{"loc":{"start":{"line":109,"column":23},"end":{"line":115,"column":39}},"type":"switch","locations":[{"start":{"line":109,"column":23},"end":{"line":115,"column":39}}]},"6":{"loc":{"start":{"line":122,"column":44},"end":{"line":122,"column":50}},"type":"binary-expr","locations":[{"start":{"line":122,"column":44},"end":{"line":122,"column":50}},{"start":{"line":124,"column":10},"end":{"line":130,"column":null}}]},"7":{"loc":{"start":{"line":131,"column":8},"end":{"line":133,"column":null}},"type":"if","locations":[{"start":{"line":131,"column":8},"end":{"line":133,"column":null}},{"start":{"line":131,"column":8},"end":{"line":133,"column":null}}]},"8":{"loc":{"start":{"line":134,"column":8},"end":{"line":136,"column":null}},"type":"if","locations":[{"start":{"line":134,"column":8},"end":{"line":136,"column":null}},{"start":{"line":134,"column":8},"end":{"line":136,"column":null}}]},"9":{"loc":{"start":{"line":141,"column":12},"end":{"line":141,"column":31}},"type":"binary-expr","locations":[{"start":{"line":141,"column":12},"end":{"line":141,"column":31}},{"start":{"line":142,"column":12},"end":{"line":142,"column":68}}]},"10":{"loc":{"start":{"line":145,"column":12},"end":{"line":149,"column":null}},"type":"if","locations":[{"start":{"line":145,"column":12},"end":{"line":149,"column":null}},{"start":{"line":145,"column":12},"end":{"line":149,"column":null}}]},"11":{"loc":{"start":{"line":155,"column":30},"end":{"line":155,"column":50}},"type":"cond-expr","locations":[{"start":{"line":155,"column":30},"end":{"line":155,"column":50}},{"start":{"line":155,"column":53},"end":{"line":155,"column":69}}]}},"s":{"0":1,"1":1,"2":1,"3":1,"4":1,"5":1,"6":1,"7":1,"8":1,"9":1,"10":1,"11":1,"12":1,"13":1,"14":2,"15":1,"16":42,"17":1,"18":4,"19":4,"20":1,"21":41,"22":41,"23":1,"24":5,"25":3,"26":3,"27":3,"28":1,"29":1,"30":1,"31":4,"32":4,"33":4,"34":1,"35":41,"36":41,"37":41,"38":41,"39":41,"40":41,"41":3,"42":38,"43":0,"44":38,"45":38,"46":38,"47":38,"48":38,"49":38,"50":38,"51":8,"52":30,"53":38,"54":38,"55":38,"56":38,"57":76,"58":1,"59":1,"60":1,"61":1},"f":{"0":1,"1":2,"2":42,"3":4,"4":41,"5":4,"6":4,"7":41,"8":38},"b":{"0":[2,0],"1":[41,41],"2":[1,1],"3":[1,3],"4":[3,0],"5":[4],"6":[41,9],"7":[3,38],"8":[0,38],"9":[38,29],"10":[8,30],"11":[8,30]}}
,"/Users/sunyi/Documents/opensource/Logan/Logan/WebSDK/src/lib/utils.ts": {"path":"/Users/sunyi/Documents/opensource/Logan/Logan/WebSDK/src/lib/utils.ts","statementMap":{"0":{"start":{"line":2,"column":13},"end":{"line":2,"column":27}},"1":{"start":{"line":3,"column":13},"end":{"line":3,"column":36}},"2":{"start":{"line":5,"column":16},"end":{"line":5,"column":17}},"3":{"start":{"line":6,"column":4},"end":{"line":17,"column":null}},"4":{"start":{"line":6,"column":17},"end":{"line":6,"column":18}},"5":{"start":{"line":6,"column":26},"end":{"line":6,"column":36}},"6":{"start":{"line":7,"column":25},"end":{"line":7,"column":42}},"7":{"start":{"line":8,"column":8},"end":{"line":16,"column":null}},"8":{"start":{"line":9,"column":12},"end":{"line":9,"column":23}},"9":{"start":{"line":10,"column":15},"end":{"line":16,"column":null}},"10":{"start":{"line":11,"column":12},"end":{"line":11,"column":23}},"11":{"start":{"line":12,"column":15},"end":{"line":16,"column":null}},"12":{"start":{"line":13,"column":12},"end":{"line":13,"column":23}},"13":{"start":{"line":15,"column":12},"end":{"line":15,"column":23}},"14":{"start":{"line":18,"column":4},"end":{"line":18,"column":17}},"15":{"start":{"line":4,"column":0},"end":{"line":4,"column":16}},"16":{"start":{"line":22,"column":4},"end":{"line":35,"column":null}},"17":{"start":{"line":23,"column":8},"end":{"line":23,"column":21}},"18":{"start":{"line":25,"column":25},"end":{"line":25,"column":39}},"19":{"start":{"line":26,"column":18},"end":{"line":26,"column":39}},"20":{"start":{"line":27,"column":18},"end":{"line":27,"column":39}},"21":{"start":{"line":28,"column":8},"end":{"line":34,"column":10}},"22":{"start":{"line":21,"column":0},"end":{"line":21,"column":16}},"23":{"start":{"line":39,"column":14},"end":{"line":39,"column":32}},"24":{"start":{"line":40,"column":14},"end":{"line":40,"column":33}},"25":{"start":{"line":41,"column":14},"end":{"line":41,"column":28}},"26":{"start":{"line":42,"column":4},"end":{"line":42,"column":66}},"27":{"start":{"line":38,"column":0},"end":{"line":38,"column":16}},"28":{"start":{"line":46,"column":4},"end":{"line":50,"column":16}},"29":{"start":{"line":45,"column":0},"end":{"line":45,"column":16}},"30":{"start":{"line":54,"column":10},"end":{"line":54,"column":11}},"31":{"start":{"line":54,"column":11},"end":{"line":54,"column":15}},"32":{"start":{"line":54,"column":17},"end":{"line":54,"column":22}},"33":{"start":{"line":54,"column":24},"end":{"line":54,"column":81}},"34":{"start":{"line":55,"column":4},"end":{"line":57,"column":null}},"35":{"start":{"line":56,"column":8},"end":{"line":56,"column":53}},"36":{"start":{"line":58,"column":4},"end":{"line":58,"column":43}},"37":{"start":{"line":53,"column":0},"end":{"line":53,"column":16}},"38":{"start":{"line":61,"column":13},"end":{"line":61,"column":53}}},"fnMap":{"0":{"name":"sizeOf","decl":{"start":{"line":4,"column":16},"end":{"line":4,"column":22}},"loc":{"start":{"line":4,"column":35},"end":{"line":19,"column":1}}},"1":{"name":"isValidDay","decl":{"start":{"line":21,"column":16},"end":{"line":21,"column":26}},"loc":{"start":{"line":21,"column":39},"end":{"line":36,"column":1}}},"2":{"name":"dateFormat2Day","decl":{"start":{"line":38,"column":16},"end":{"line":38,"column":30}},"loc":{"start":{"line":38,"column":42},"end":{"line":43,"column":1}}},"3":{"name":"getStartOfDay","decl":{"start":{"line":45,"column":16},"end":{"line":45,"column":29}},"loc":{"start":{"line":45,"column":41},"end":{"line":51,"column":1}}},"4":{"name":"dayFormat2Date","decl":{"start":{"line":53,"column":16},"end":{"line":53,"column":30}},"loc":{"start":{"line":53,"column":43},"end":{"line":59,"column":1}}},"5":{"name":"(anonymous_5)","decl":{"start":{"line":54,"column":10},"end":{"line":54,"column":11}},"loc":{"start":{"line":54,"column":10},"end":{"line":54,"column":11}}}},"branchMap":{"0":{"loc":{"start":{"line":8,"column":8},"end":{"line":16,"column":null}},"type":"if","locations":[{"start":{"line":8,"column":8},"end":{"line":16,"column":null}},{"start":{"line":8,"column":8},"end":{"line":16,"column":null}}]},"1":{"loc":{"start":{"line":10,"column":15},"end":{"line":16,"column":null}},"type":"if","locations":[{"start":{"line":10,"column":15},"end":{"line":16,"column":null}},{"start":{"line":10,"column":15},"end":{"line":16,"column":null}}]},"2":{"loc":{"start":{"line":12,"column":15},"end":{"line":16,"column":null}},"type":"if","locations":[{"start":{"line":12,"column":15},"end":{"line":16,"column":null}},{"start":{"line":12,"column":15},"end":{"line":16,"column":null}}]},"3":{"loc":{"start":{"line":22,"column":4},"end":{"line":35,"column":null}},"type":"if","locations":[{"start":{"line":22,"column":4},"end":{"line":35,"column":null}},{"start":{"line":22,"column":4},"end":{"line":35,"column":null}}]},"4":{"loc":{"start":{"line":29,"column":12},"end":{"line":29,"column":17}},"type":"binary-expr","locations":[{"start":{"line":29,"column":12},"end":{"line":29,"column":17}},{"start":{"line":30,"column":12},"end":{"line":30,"column":19}},{"start":{"line":31,"column":12},"end":{"line":31,"column":17}},{"start":{"line":32,"column":12},"end":{"line":32,"column":19}},{"start":{"line":33,"column":12},"end":{"line":33,"column":55}}]},"5":{"loc":{"start":{"line":42,"column":28},"end":{"line":42,"column":35}},"type":"cond-expr","locations":[{"start":{"line":42,"column":28},"end":{"line":42,"column":35}},{"start":{"line":42,"column":38},"end":{"line":42,"column":39}}]},"6":{"loc":{"start":{"line":42,"column":52},"end":{"line":42,"column":59}},"type":"cond-expr","locations":[{"start":{"line":42,"column":52},"end":{"line":42,"column":59}},{"start":{"line":42,"column":62},"end":{"line":42,"column":63}}]},"7":{"loc":{"start":{"line":54,"column":10},"end":{"line":54,"column":11}},"type":"binary-expr","locations":[{"start":{"line":54,"column":10},"end":{"line":54,"column":11}},{"start":{"line":54,"column":10},"end":{"line":54,"column":11}}]},"8":{"loc":{"start":{"line":55,"column":4},"end":{"line":57,"column":null}},"type":"if","locations":[{"start":{"line":55,"column":4},"end":{"line":57,"column":null}},{"start":{"line":55,"column":4},"end":{"line":57,"column":null}}]}},"s":{"0":1,"1":1,"2":42,"3":42,"4":42,"5":42,"6":8003466,"7":8003466,"8":8003464,"9":2,"10":1,"11":1,"12":1,"13":0,"14":42,"15":1,"16":13,"17":1,"18":12,"19":12,"20":12,"21":12,"22":1,"23":53,"24":53,"25":53,"26":53,"27":1,"28":38,"29":1,"30":32,"31":8,"32":8,"33":8,"34":8,"35":0,"36":8,"37":1,"38":1},"f":{"0":42,"1":13,"2":53,"3":38,"4":8,"5":24},"b":{"0":[8003464,2],"1":[1,1],"2":[1,0],"3":[1,12],"4":[12,11,11,11,11],"5":[53,0],"6":[52,1],"7":[8,0],"8":[0,8]}}
,"/Users/sunyi/Documents/opensource/Logan/Logan/WebSDK/src/lib/xhr.ts": {"path":"/Users/sunyi/Documents/opensource/Logan/Logan/WebSDK/src/lib/xhr.ts","statementMap":{"0":{"start":{"line":1,"column":13},"end":{"line":1,"column":45}},"1":{"start":{"line":12,"column":39},"end":{"line":12,"column":65}},"2":{"start":{"line":13,"column":16},"end":{"line":15,"column":30}},"3":{"start":{"line":16,"column":4},"end":{"line":16,"column":49}},"4":{"start":{"line":17,"column":4},"end":{"line":17,"column":39}},"5":{"start":{"line":18,"column":4},"end":{"line":18,"column":33}},"6":{"start":{"line":19,"column":4},"end":{"line":19,"column":49}},"7":{"start":{"line":20,"column":4},"end":{"line":40,"column":null}},"8":{"start":{"line":21,"column":8},"end":{"line":21,"column":42}},"9":{"start":{"line":22,"column":8},"end":{"line":22,"column":40}},"10":{"start":{"line":23,"column":8},"end":{"line":23,"column":30}},"11":{"start":{"line":25,"column":8},"end":{"line":39,"column":10}},"12":{"start":{"line":26,"column":12},"end":{"line":38,"column":null}},"13":{"start":{"line":27,"column":31},"end":{"line":27,"column":41}},"14":{"start":{"line":28,"column":16},"end":{"line":37,"column":null}},"15":{"start":{"line":29,"column":20},"end":{"line":34,"column":null}},"16":{"start":{"line":30,"column":41},"end":{"line":30,"column":69}},"17":{"start":{"line":31,"column":24},"end":{"line":31,"column":63}},"18":{"start":{"line":33,"column":24},"end":{"line":33,"column":112}},"19":{"start":{"line":36,"column":20},"end":{"line":36,"column":59}},"20":{"start":{"line":41,"column":4},"end":{"line":52,"column":null}},"21":{"start":{"line":42,"column":8},"end":{"line":48,"column":null}},"22":{"start":{"line":43,"column":12},"end":{"line":47,"column":null}},"23":{"start":{"line":44,"column":16},"end":{"line":46,"column":null}},"24":{"start":{"line":45,"column":20},"end":{"line":45,"column":64}},"25":{"start":{"line":49,"column":8},"end":{"line":49,"column":28}},"26":{"start":{"line":51,"column":8},"end":{"line":51,"column":19}},"27":{"start":{"line":53,"column":4},"end":{"line":53,"column":15}},"28":{"start":{"line":11,"column":0},"end":{"line":11,"column":25}}},"fnMap":{"0":{"name":"(anonymous_0)","decl":{"start":{"line":1,"column":13},"end":{"line":1,"column":44}},"loc":{"start":{"line":1,"column":13},"end":{"line":1,"column":45}}},"1":{"name":"default_1","decl":{"start":{"line":11,"column":0},"end":{"line":11,"column":25}},"loc":{"start":{"line":11,"column":38},"end":{"line":54,"column":1}}},"2":{"name":"(anonymous_2)","decl":{"start":{"line":25,"column":33},"end":{"line":25,"column":null}},"loc":{"start":{"line":25,"column":33},"end":{"line":39,"column":9}}}},"branchMap":{"0":{"loc":{"start":{"line":14,"column":10},"end":{"line":14,"column":46}},"type":"cond-expr","locations":[{"start":{"line":14,"column":10},"end":{"line":14,"column":46}},{"start":{"line":15,"column":10},"end":{"line":15,"column":30}}]},"1":{"loc":{"start":{"line":16,"column":13},"end":{"line":16,"column":22}},"type":"binary-expr","locations":[{"start":{"line":16,"column":13},"end":{"line":16,"column":22}},{"start":{"line":16,"column":26},"end":{"line":16,"column":31}}]},"2":{"loc":{"start":{"line":17,"column":18},"end":{"line":17,"column":30}},"type":"binary-expr","locations":[{"start":{"line":17,"column":18},"end":{"line":17,"column":30}},{"start":{"line":17,"column":34},"end":{"line":17,"column":38}}]},"3":{"loc":{"start":{"line":18,"column":15},"end":{"line":18,"column":24}},"type":"binary-expr","locations":[{"start":{"line":18,"column":15},"end":{"line":18,"column":24}},{"start":{"line":18,"column":28},"end":{"line":18,"column":32}}]},"4":{"loc":{"start":{"line":20,"column":4},"end":{"line":40,"column":null}},"type":"if","locations":[{"start":{"line":20,"column":4},"end":{"line":40,"column":null}},{"start":{"line":20,"column":4},"end":{"line":40,"column":null}}]},"5":{"loc":{"start":{"line":21,"column":21},"end":{"line":21,"column":33}},"type":"binary-expr","locations":[{"start":{"line":21,"column":21},"end":{"line":21,"column":33}},{"start":{"line":21,"column":37},"end":{"line":21,"column":41}}]},"6":{"loc":{"start":{"line":22,"column":22},"end":{"line":22,"column":31}},"type":"binary-expr","locations":[{"start":{"line":22,"column":22},"end":{"line":22,"column":31}},{"start":{"line":22,"column":35},"end":{"line":22,"column":39}}]},"7":{"loc":{"start":{"line":26,"column":12},"end":{"line":38,"column":null}},"type":"if","locations":[{"start":{"line":26,"column":12},"end":{"line":38,"column":null}},{"start":{"line":26,"column":12},"end":{"line":38,"column":null}}]},"8":{"loc":{"start":{"line":28,"column":16},"end":{"line":37,"column":null}},"type":"if","locations":[{"start":{"line":28,"column":16},"end":{"line":37,"column":null}},{"start":{"line":28,"column":16},"end":{"line":37,"column":null}}]},"9":{"loc":{"start":{"line":31,"column":24},"end":{"line":31,"column":36}},"type":"binary-expr","locations":[{"start":{"line":31,"column":24},"end":{"line":31,"column":36}},{"start":{"line":31,"column":40},"end":{"line":31,"column":62}}]},"10":{"loc":{"start":{"line":33,"column":24},"end":{"line":33,"column":33}},"type":"binary-expr","locations":[{"start":{"line":33,"column":24},"end":{"line":33,"column":33}},{"start":{"line":33,"column":37},"end":{"line":33,"column":111}}]},"11":{"loc":{"start":{"line":36,"column":20},"end":{"line":36,"column":29}},"type":"binary-expr","locations":[{"start":{"line":36,"column":20},"end":{"line":36,"column":29}},{"start":{"line":36,"column":33},"end":{"line":36,"column":58}}]},"12":{"loc":{"start":{"line":41,"column":4},"end":{"line":52,"column":null}},"type":"if","locations":[{"start":{"line":41,"column":4},"end":{"line":52,"column":null}},{"start":{"line":41,"column":4},"end":{"line":52,"column":null}}]},"13":{"loc":{"start":{"line":42,"column":8},"end":{"line":48,"column":null}},"type":"if","locations":[{"start":{"line":42,"column":8},"end":{"line":48,"column":null}},{"start":{"line":42,"column":8},"end":{"line":48,"column":null}}]},"14":{"loc":{"start":{"line":42,"column":12},"end":{"line":42,"column":23}},"type":"binary-expr","locations":[{"start":{"line":42,"column":12},"end":{"line":42,"column":23}},{"start":{"line":42,"column":27},"end":{"line":42,"column":45}}]},"15":{"loc":{"start":{"line":44,"column":16},"end":{"line":46,"column":null}},"type":"if","locations":[{"start":{"line":44,"column":16},"end":{"line":46,"column":null}},{"start":{"line":44,"column":16},"end":{"line":46,"column":null}}]}},"s":{"0":1,"1":4,"2":4,"3":4,"4":4,"5":4,"6":4,"7":4,"8":0,"9":0,"10":0,"11":4,"12":4,"13":4,"14":4,"15":3,"16":3,"17":3,"18":0,"19":1,"20":4,"21":4,"22":4,"23":8,"24":8,"25":4,"26":0,"27":4,"28":1},"f":{"0":0,"1":4,"2":4},"b":{"0":[0,4],"1":[4,0],"2":[4,0],"3":[4,0],"4":[0,4],"5":[0,0],"6":[0,0],"7":[4,0],"8":[3,1],"9":[3,3],"10":[0,0],"11":[1,1],"12":[4,0],"13":[4,0],"14":[4,4],"15":[8,0]}}
}
