{"/Users/sunyi/Documents/opensource/Logan/Logan/WebSDK/src/global.ts": {"path":"/Users/sunyi/Documents/opensource/Logan/Logan/WebSDK/src/global.ts","statementMap":{"0":{"start":{"line":2,"column":26},"end":{"line":2,"column":27}},"1":{"start":{"line":3,"column":13},"end":{"line":3,"column":45}},"2":{"start":{"line":4,"column":33},"end":{"line":7,"column":2}},"3":{"start":{"line":13,"column":4},"end":{"line":13,"column":50}},"4":{"start":{"line":15,"column":0},"end":{"line":36,"column":2}},"5":{"start":{"line":17,"column":8},"end":{"line":31,"column":10}},"6":{"start":{"line":34,"column":8},"end":{"line":34,"column":41}}},"fnMap":{"0":{"name":"(anonymous_0)","decl":{"start":{"line":3,"column":13},"end":{"line":3,"column":44}},"loc":{"start":{"line":3,"column":13},"end":{"line":3,"column":45}}},"1":{"name":"validOrBackup","decl":{"start":{"line":8,"column":9},"end":{"line":8,"column":22}},"loc":{"start":{"line":11,"column":50},"end":{"line":14,"column":1}}},"2":{"name":"(anonymous_2)","decl":{"start":{"line":16,"column":9},"end":{"line":16,"column":10}},"loc":{"start":{"line":16,"column":32},"end":{"line":32,"column":5}}},"3":{"name":"(anonymous_3)","decl":{"start":{"line":33,"column":9},"end":{"line":33,"column":10}},"loc":{"start":{"line":33,"column":41},"end":{"line":35,"column":5}}}},"branchMap":{"0":{"loc":{"start":{"line":13,"column":35},"end":{"line":13,"column":40}},"type":"cond-expr","locations":[{"start":{"line":13,"column":35},"end":{"line":13,"column":40}},{"start":{"line":13,"column":43},"end":{"line":13,"column":49}}]}},"s":{"0":1,"1":1,"2":1,"3":65,"4":1,"5":13,"6":47},"f":{"0":13,"1":65,"2":13,"3":47},"b":{"0":[44,21]}}
,"/Users/sunyi/Documents/opensource/Logan/Logan/WebSDK/src/index.ts": {"path":"/Users/sunyi/Documents/opensource/Logan/Logan/WebSDK/src/index.ts","statementMap":{"0":{"start":{"line":1,"column":0},"end":{"line":1,"column":null}},"1":{"start":{"line":7,"column":0},"end":{"line":7,"column":30}},"2":{"start":{"line":8,"column":0},"end":{"line":8,"column":41}},"3":{"start":{"line":9,"column":0},"end":{"line":9,"column":54}},"4":{"start":{"line":10,"column":0},"end":{"line":10,"column":39}},"5":{"start":{"line":11,"column":19},"end":{"line":11,"column":41}},"6":{"start":{"line":12,"column":0},"end":{"line":14,"column":null}},"7":{"start":{"line":13,"column":4},"end":{"line":13,"column":32}},"8":{"start":{"line":15,"column":36},"end":{"line":15,"column":38}},"9":{"start":{"line":18,"column":4},"end":{"line":20,"column":null}},"10":{"start":{"line":19,"column":8},"end":{"line":19,"column":67}},"11":{"start":{"line":21,"column":4},"end":{"line":23,"column":null}},"12":{"start":{"line":22,"column":8},"end":{"line":22,"column":46}},"13":{"start":{"line":24,"column":26},"end":{"line":24,"column":71}},"14":{"start":{"line":25,"column":4},"end":{"line":27,"column":null}},"15":{"start":{"line":26,"column":8},"end":{"line":26,"column":58}},"16":{"start":{"line":28,"column":4},"end":{"line":30,"column":null}},"17":{"start":{"line":29,"column":8},"end":{"line":29,"column":56}},"18":{"start":{"line":31,"column":4},"end":{"line":33,"column":null}},"19":{"start":{"line":32,"column":8},"end":{"line":32,"column":80}},"20":{"start":{"line":37,"column":4},"end":{"line":39,"column":null}},"21":{"start":{"line":38,"column":8},"end":{"line":38,"column":51}},"22":{"start":{"line":40,"column":4},"end":{"line":46,"column":null}},"23":{"start":{"line":41,"column":8},"end":{"line":45,"column":null}},"24":{"start":{"line":42,"column":12},"end":{"line":44,"column":14}},"25":{"start":{"line":51,"column":8},"end":{"line":51,"column":18}},"26":{"start":{"line":53,"column":12},"end":{"line":53,"column":37}},"27":{"start":{"line":54,"column":34},"end":{"line":55,"column":null}},"28":{"start":{"line":54,"column":18},"end":{"line":56,"column":null}},"29":{"start":{"line":57,"column":12},"end":{"line":57,"column":43}},"30":{"start":{"line":59,"column":12},"end":{"line":59,"column":38}},"31":{"start":{"line":60,"column":13},"end":{"line":60,"column":56}},"32":{"start":{"line":63,"column":9},"end":{"line":63,"column":88}},"33":{"start":{"line":68,"column":4},"end":{"line":75,"column":null}},"34":{"start":{"line":72,"column":8},"end":{"line":72,"column":26}},"35":{"start":{"line":74,"column":8},"end":{"line":74,"column":41}},"36":{"start":{"line":79,"column":4},"end":{"line":81,"column":7}},"37":{"start":{"line":80,"column":8},"end":{"line":80,"column":26}},"38":{"start":{"line":82,"column":4},"end":{"line":82,"column":28}},"39":{"start":{"line":83,"column":4},"end":{"line":83,"column":53}},"40":{"start":{"line":85,"column":0},"end":{"line":85,"column":46}},"41":{"start":{"line":93,"column":4},"end":{"line":93,"column":29}},"42":{"start":{"line":92,"column":0},"end":{"line":92,"column":16}},"43":{"start":{"line":102,"column":4},"end":{"line":102,"column":76}},"44":{"start":{"line":101,"column":0},"end":{"line":101,"column":16}},"45":{"start":{"line":111,"column":4},"end":{"line":111,"column":74}},"46":{"start":{"line":110,"column":0},"end":{"line":110,"column":16}},"47":{"start":{"line":121,"column":4},"end":{"line":121,"column":37}},"48":{"start":{"line":122,"column":28},"end":{"line":123,"column":null}},"49":{"start":{"line":122,"column":10},"end":{"line":124,"column":null}},"50":{"start":{"line":125,"column":11},"end":{"line":125,"column":55}},"51":{"start":{"line":125,"column":4},"end":{"line":125,"column":55}},"52":{"start":{"line":120,"column":0},"end":{"line":120,"column":22}},"53":{"start":{"line":128,"column":0},"end":{"line":134,"column":2}}},"fnMap":{"0":{"name":"reportParamChecker","decl":{"start":{"line":17,"column":9},"end":{"line":17,"column":27}},"loc":{"start":{"line":17,"column":55},"end":{"line":34,"column":1}}},"1":{"name":"logParamChecker","decl":{"start":{"line":36,"column":9},"end":{"line":36,"column":24}},"loc":{"start":{"line":36,"column":42},"end":{"line":47,"column":1}}},"2":{"name":"logAsync","decl":{"start":{"line":49,"column":15},"end":{"line":49,"column":23}},"loc":{"start":{"line":49,"column":41},"end":{"line":65,"column":null}}},"3":{"name":"(anonymous_18)","decl":{"start":{"line":54,"column":34},"end":{"line":54,"column":null}},"loc":{"start":{"line":54,"column":34},"end":{"line":55,"column":null}}},"4":{"name":"logIfLoaded","decl":{"start":{"line":67,"column":9},"end":{"line":67,"column":20}},"loc":{"start":{"line":67,"column":38},"end":{"line":76,"column":1}}},"5":{"name":"onWindowLoad","decl":{"start":{"line":78,"column":9},"end":{"line":78,"column":21}},"loc":{"start":{"line":78,"column":21},"end":{"line":84,"column":1}}},"6":{"name":"(anonymous_21)","decl":{"start":{"line":79,"column":31},"end":{"line":79,"column":38}},"loc":{"start":{"line":79,"column":38},"end":{"line":81,"column":5}}},"7":{"name":"initConfig","decl":{"start":{"line":92,"column":16},"end":{"line":92,"column":26}},"loc":{"start":{"line":92,"column":54},"end":{"line":94,"column":1}}},"8":{"name":"log","decl":{"start":{"line":101,"column":16},"end":{"line":101,"column":19}},"loc":{"start":{"line":101,"column":53},"end":{"line":103,"column":1}}},"9":{"name":"logWithEncryption","decl":{"start":{"line":110,"column":16},"end":{"line":110,"column":33}},"loc":{"start":{"line":110,"column":67},"end":{"line":112,"column":1}}},"10":{"name":"report","decl":{"start":{"line":120,"column":22},"end":{"line":120,"column":28}},"loc":{"start":{"line":120,"column":56},"end":{"line":126,"column":null}}},"11":{"name":"(anonymous_28)","decl":{"start":{"line":122,"column":28},"end":{"line":122,"column":null}},"loc":{"start":{"line":122,"column":28},"end":{"line":123,"column":null}}}},"branchMap":{"0":{"loc":{"start":{"line":12,"column":0},"end":{"line":14,"column":null}},"type":"if","locations":[{"start":{"line":12,"column":0},"end":{"line":14,"column":null}},{"start":{"line":12,"column":0},"end":{"line":14,"column":null}}]},"1":{"loc":{"start":{"line":18,"column":4},"end":{"line":20,"column":null}},"type":"if","locations":[{"start":{"line":18,"column":4},"end":{"line":20,"column":null}},{"start":{"line":18,"column":4},"end":{"line":20,"column":null}}]},"2":{"loc":{"start":{"line":18,"column":8},"end":{"line":18,"column":31}},"type":"binary-expr","locations":[{"start":{"line":18,"column":8},"end":{"line":18,"column":31}},{"start":{"line":18,"column":35},"end":{"line":18,"column":59}}]},"3":{"loc":{"start":{"line":21,"column":4},"end":{"line":23,"column":null}},"type":"if","locations":[{"start":{"line":21,"column":4},"end":{"line":23,"column":null}},{"start":{"line":21,"column":4},"end":{"line":23,"column":null}}]},"4":{"loc":{"start":{"line":25,"column":4},"end":{"line":27,"column":null}},"type":"if","locations":[{"start":{"line":25,"column":4},"end":{"line":27,"column":null}},{"start":{"line":25,"column":4},"end":{"line":27,"column":null}}]},"5":{"loc":{"start":{"line":28,"column":4},"end":{"line":30,"column":null}},"type":"if","locations":[{"start":{"line":28,"column":4},"end":{"line":30,"column":null}},{"start":{"line":28,"column":4},"end":{"line":30,"column":null}}]},"6":{"loc":{"start":{"line":31,"column":4},"end":{"line":33,"column":null}},"type":"if","locations":[{"start":{"line":31,"column":4},"end":{"line":33,"column":null}},{"start":{"line":31,"column":4},"end":{"line":33,"column":null}}]},"7":{"loc":{"start":{"line":37,"column":4},"end":{"line":39,"column":null}},"type":"if","locations":[{"start":{"line":37,"column":4},"end":{"line":39,"column":null}},{"start":{"line":37,"column":4},"end":{"line":39,"column":null}}]},"8":{"loc":{"start":{"line":40,"column":4},"end":{"line":46,"column":null}},"type":"if","locations":[{"start":{"line":40,"column":4},"end":{"line":46,"column":null}},{"start":{"line":40,"column":4},"end":{"line":46,"column":null}}]},"9":{"loc":{"start":{"line":41,"column":8},"end":{"line":45,"column":null}},"type":"if","locations":[{"start":{"line":41,"column":8},"end":{"line":45,"column":null}},{"start":{"line":41,"column":8},"end":{"line":45,"column":null}}]},"10":{"loc":{"start":{"line":51,"column":8},"end":{"line":51,"column":18}},"type":"if","locations":[{"start":{"line":51,"column":8},"end":{"line":51,"column":18}},{"start":{"line":51,"column":8},"end":{"line":51,"column":18}}]},"11":{"loc":{"start":{"line":68,"column":4},"end":{"line":75,"column":null}},"type":"if","locations":[{"start":{"line":68,"column":4},"end":{"line":75,"column":null}},{"start":{"line":68,"column":4},"end":{"line":75,"column":null}}]},"12":{"loc":{"start":{"line":69,"column":8},"end":{"line":69,"column":28}},"type":"binary-expr","locations":[{"start":{"line":69,"column":8},"end":{"line":69,"column":28}},{"start":{"line":70,"column":9},"end":{"line":70,"column":28}},{"start":{"line":70,"column":32},"end":{"line":70,"column":66}}]},"13":{"loc":{"start":{"line":125,"column":4},"end":{"line":125,"column":55}},"type":"switch","locations":[{"start":{"line":125,"column":4},"end":{"line":125,"column":55}}]}},"s":{"0":1,"1":1,"2":1,"3":1,"4":1,"5":1,"6":1,"7":0,"8":1,"9":6,"10":0,"11":6,"12":1,"13":5,"14":5,"15":0,"16":5,"17":1,"18":4,"19":1,"20":55,"21":1,"22":54,"23":3,"24":1,"25":55,"26":55,"27":106,"28":53,"29":53,"30":2,"31":2,"32":0,"33":55,"34":55,"35":0,"36":1,"37":0,"38":1,"39":1,"40":1,"41":13,"42":1,"43":52,"44":1,"45":3,"46":1,"47":6,"48":6,"49":3,"50":3,"51":3,"52":1,"53":1},"f":{"0":6,"1":55,"2":55,"3":53,"4":55,"5":1,"6":0,"7":13,"8":52,"9":3,"10":6,"11":3},"b":{"0":[0,1],"1":[0,6],"2":[6,6],"3":[1,5],"4":[0,5],"5":[1,4],"6":[1,3],"7":[1,54],"8":[3,51],"9":[1,2],"10":[0,55],"11":[55,0],"12":[55,55,55],"13":[3]}}
,"/Users/sunyi/Documents/opensource/Logan/Logan/WebSDK/src/interface.ts": {"path":"/Users/sunyi/Documents/opensource/Logan/Logan/WebSDK/src/interface.ts","statementMap":{"0":{"start":{"line":4,"column":0},"end":{"line":4,"column":null}},"1":{"start":{"line":5,"column":4},"end":{"line":5,"column":null}},"2":{"start":{"line":6,"column":4},"end":{"line":6,"column":null}},"3":{"start":{"line":7,"column":4},"end":{"line":7,"column":null}},"4":{"start":{"line":8,"column":4},"end":{"line":8,"column":null}},"5":{"start":{"line":9,"column":4},"end":{"line":9,"column":null}},"6":{"start":{"line":10,"column":4},"end":{"line":10,"column":null}},"7":{"start":{"line":21,"column":0},"end":{"line":21,"column":null}},"8":{"start":{"line":22,"column":4},"end":{"line":22,"column":null}},"9":{"start":{"line":23,"column":4},"end":{"line":23,"column":null}}},"fnMap":{"0":{"name":"(anonymous_0)","decl":{"start":{"line":4,"column":0},"end":{"line":4,"column":12}},"loc":{"start":{"line":4,"column":21},"end":{"line":11,"column":1}}},"1":{"name":"(anonymous_1)","decl":{"start":{"line":21,"column":0},"end":{"line":21,"column":12}},"loc":{"start":{"line":21,"column":26},"end":{"line":24,"column":1}}}},"branchMap":{"0":{"loc":{"start":{"line":4,"column":12},"end":{"line":4,"column":21}},"type":"binary-expr","locations":[{"start":{"line":4,"column":12},"end":{"line":4,"column":21}},{"start":{"line":4,"column":12},"end":{"line":4,"column":null}}]},"1":{"loc":{"start":{"line":21,"column":12},"end":{"line":21,"column":26}},"type":"binary-expr","locations":[{"start":{"line":21,"column":12},"end":{"line":21,"column":26}},{"start":{"line":21,"column":12},"end":{"line":21,"column":null}}]}},"s":{"0":1,"1":1,"2":1,"3":1,"4":1,"5":1,"6":1,"7":1,"8":1,"9":1},"f":{"0":1,"1":1},"b":{"0":[1,1],"1":[1,1]}}
,"/Users/sunyi/Documents/opensource/Logan/Logan/WebSDK/src/log-manager.ts": {"path":"/Users/sunyi/Documents/opensource/Logan/Logan/WebSDK/src/log-manager.ts","statementMap":{"0":{"start":{"line":1,"column":0},"end":{"line":1,"column":30}},"1":{"start":{"line":2,"column":26},"end":{"line":2,"column":61}},"2":{"start":{"line":4,"column":4},"end":{"line":6,"column":null}},"3":{"start":{"line":5,"column":8},"end":{"line":5,"column":22}},"4":{"start":{"line":10,"column":4},"end":{"line":10,"column":27}},"5":{"start":{"line":14,"column":4},"end":{"line":14,"column":54}},"6":{"start":{"line":17,"column":0},"end":{"line":21,"column":2}}},"fnMap":{"0":{"name":"errorTrigger","decl":{"start":{"line":3,"column":9},"end":{"line":3,"column":21}},"loc":{"start":{"line":3,"column":21},"end":{"line":7,"column":1}}},"1":{"name":"canSave","decl":{"start":{"line":9,"column":9},"end":{"line":9,"column":16}},"loc":{"start":{"line":9,"column":16},"end":{"line":11,"column":1}}},"2":{"name":"resetQuota","decl":{"start":{"line":13,"column":9},"end":{"line":13,"column":19}},"loc":{"start":{"line":13,"column":19},"end":{"line":15,"column":1}}}},"branchMap":{"0":{"loc":{"start":{"line":4,"column":4},"end":{"line":6,"column":null}},"type":"if","locations":[{"start":{"line":4,"column":4},"end":{"line":6,"column":null}},{"start":{"line":4,"column":4},"end":{"line":6,"column":null}}]}},"s":{"0":1,"1":1,"2":21,"3":9,"4":108,"5":9,"6":1},"f":{"0":21,"1":108,"2":9},"b":{"0":[9,12]}}
,"/Users/sunyi/Documents/opensource/Logan/Logan/WebSDK/src/node_index.ts": {"path":"/Users/sunyi/Documents/opensource/Logan/Logan/WebSDK/src/node_index.ts","statementMap":{"0":{"start":{"line":5,"column":11},"end":{"line":5,"column":37}},"1":{"start":{"line":6,"column":0},"end":{"line":12,"column":2}}},"fnMap":{"0":{"name":"(anonymous_0)","decl":{"start":{"line":5,"column":11},"end":{"line":5,"column":36}},"loc":{"start":{"line":5,"column":11},"end":{"line":5,"column":37}}}},"branchMap":{},"s":{"0":1,"1":1},"f":{"0":4},"b":{}}
,"/Users/sunyi/Documents/opensource/Logan/Logan/WebSDK/src/report-log.ts": {"path":"/Users/sunyi/Documents/opensource/Logan/Logan/WebSDK/src/report-log.ts","statementMap":{"0":{"start":{"line":1,"column":0},"end":{"line":1,"column":68}},"1":{"start":{"line":2,"column":0},"end":{"line":2,"column":37}},"2":{"start":{"line":3,"column":0},"end":{"line":3,"column":null}},"3":{"start":{"line":8,"column":0},"end":{"line":8,"column":30}},"4":{"start":{"line":9,"column":0},"end":{"line":9,"column":38}},"5":{"start":{"line":10,"column":0},"end":{"line":10,"column":80}},"6":{"start":{"line":17,"column":21},"end":{"line":17,"column":null}},"7":{"start":{"line":17,"column":10},"end":{"line":17,"column":null}},"8":{"start":{"line":18,"column":10},"end":{"line":18,"column":72}},"9":{"start":{"line":19,"column":11},"end":{"line":35,"column":32}},"10":{"start":{"line":31,"column":20},"end":{"line":31,"column":65}},"11":{"start":{"line":19,"column":4},"end":{"line":35,"column":33}},"12":{"start":{"line":41,"column":8},"end":{"line":41,"column":9}},"13":{"start":{"line":42,"column":8},"end":{"line":42,"column":50}},"14":{"start":{"line":44,"column":8},"end":{"line":48,"column":null}},"15":{"start":{"line":45,"column":12},"end":{"line":47,"column":29}},"16":{"start":{"line":49,"column":51},"end":{"line":52,"column":null}},"17":{"start":{"line":49,"column":14},"end":{"line":52,"column":null}},"18":{"start":{"line":53,"column":14},"end":{"line":67,"column":15}},"19":{"start":{"line":56,"column":12},"end":{"line":65,"column":null}},"20":{"start":{"line":60,"column":20},"end":{"line":63,"column":22}},"21":{"start":{"line":68,"column":14},"end":{"line":68,"column":46}},"22":{"start":{"line":69,"column":14},"end":{"line":69,"column":69}},"23":{"start":{"line":70,"column":14},"end":{"line":70,"column":65}},"24":{"start":{"line":72,"column":16},"end":{"line":72,"column":null}},"25":{"start":{"line":73,"column":12},"end":{"line":73,"column":null}},"26":{"start":{"line":73,"column":31},"end":{"line":73,"column":null}},"27":{"start":{"line":76,"column":18},"end":{"line":76,"column":61}},"28":{"start":{"line":77,"column":16},"end":{"line":77,"column":28}},"29":{"start":{"line":79,"column":37},"end":{"line":83,"column":22}},"30":{"start":{"line":81,"column":28},"end":{"line":81,"column":75}},"31":{"start":{"line":79,"column":26},"end":{"line":83,"column":null}},"32":{"start":{"line":84,"column":20},"end":{"line":88,"column":23}},"33":{"start":{"line":85,"column":24},"end":{"line":87,"column":null}},"34":{"start":{"line":86,"column":28},"end":{"line":86,"column":76}},"35":{"start":{"line":89,"column":20},"end":{"line":89,"column":78}},"36":{"start":{"line":91,"column":20},"end":{"line":94,"column":22}},"37":{"start":{"line":97,"column":16},"end":{"line":97,"column":65}},"38":{"start":{"line":74,"column":12},"end":{"line":74,"column":null}},"39":{"start":{"line":100,"column":8},"end":{"line":100,"column":28}},"40":{"start":{"line":38,"column":0},"end":{"line":38,"column":30}}},"fnMap":{"0":{"name":"getLogAndSend","decl":{"start":{"line":16,"column":15},"end":{"line":16,"column":28}},"loc":{"start":{"line":16,"column":76},"end":{"line":36,"column":null}}},"1":{"name":"(anonymous_18)","decl":{"start":{"line":30,"column":21},"end":{"line":30,"column":28}},"loc":{"start":{"line":30,"column":28},"end":{"line":32,"column":17}}},"2":{"name":"reportLog","decl":{"start":{"line":38,"column":30},"end":{"line":38,"column":39}},"loc":{"start":{"line":39,"column":30},"end":{"line":102,"column":null}}},"3":{"name":"(anonymous_22)","decl":{"start":{"line":55,"column":35},"end":{"line":55,"column":36}},"loc":{"start":{"line":55,"column":68},"end":{"line":67,"column":9}}},"4":{"name":"(anonymous_23)","decl":{"start":{"line":59,"column":90},"end":{"line":59,"column":91}},"loc":{"start":{"line":59,"column":103},"end":{"line":64,"column":17}}},"5":{"name":"(anonymous_24)","decl":{"start":{"line":80,"column":49},"end":{"line":80,"column":59}},"loc":{"start":{"line":80,"column":59},"end":{"line":82,"column":25}}},"6":{"name":"(anonymous_25)","decl":{"start":{"line":84,"column":36},"end":{"line":84,"column":42}},"loc":{"start":{"line":84,"column":42},"end":{"line":88,"column":21}}}},"branchMap":{"0":{"loc":{"start":{"line":17,"column":21},"end":{"line":17,"column":null}},"type":"switch","locations":[{"start":{"line":17,"column":21},"end":{"line":17,"column":null}},{"start":{"line":19,"column":4},"end":{"line":35,"column":33}}]},"1":{"loc":{"start":{"line":20,"column":8},"end":{"line":20,"column":30}},"type":"binary-expr","locations":[{"start":{"line":20,"column":8},"end":{"line":20,"column":30}},{"start":{"line":20,"column":35},"end":{"line":20,"column":69}}]},"2":{"loc":{"start":{"line":23,"column":26},"end":{"line":23,"column":48}},"type":"binary-expr","locations":[{"start":{"line":23,"column":26},"end":{"line":23,"column":48}},{"start":{"line":23,"column":52},"end":{"line":23,"column":54}}]},"3":{"loc":{"start":{"line":25,"column":28},"end":{"line":25,"column":52}},"type":"binary-expr","locations":[{"start":{"line":25,"column":28},"end":{"line":25,"column":52}},{"start":{"line":25,"column":56},"end":{"line":25,"column":58}}]},"4":{"loc":{"start":{"line":26,"column":27},"end":{"line":26,"column":50}},"type":"binary-expr","locations":[{"start":{"line":26,"column":27},"end":{"line":26,"column":50}},{"start":{"line":26,"column":54},"end":{"line":26,"column":56}}]},"5":{"loc":{"start":{"line":100,"column":8},"end":{"line":100,"column":28}},"type":"switch","locations":[{"start":{"line":100,"column":8},"end":{"line":100,"column":28}}]},"6":{"loc":{"start":{"line":41,"column":8},"end":{"line":41,"column":9}},"type":"if","locations":[{"start":{"line":41,"column":8},"end":{"line":41,"column":9}},{"start":{"line":41,"column":8},"end":{"line":41,"column":9}}]},"7":{"loc":{"start":{"line":44,"column":8},"end":{"line":48,"column":null}},"type":"if","locations":[{"start":{"line":44,"column":8},"end":{"line":48,"column":null}},{"start":{"line":44,"column":8},"end":{"line":48,"column":null}}]},"8":{"loc":{"start":{"line":59,"column":49},"end":{"line":64,"column":18}},"type":"cond-expr","locations":[{"start":{"line":59,"column":49},"end":{"line":64,"column":18}},{"start":{"line":64,"column":21},"end":{"line":64,"column":23}}]},"9":{"loc":{"start":{"line":73,"column":12},"end":{"line":73,"column":null}},"type":"if","locations":[{"start":{"line":73,"column":12},"end":{"line":73,"column":null}},{"start":{"line":73,"column":12},"end":{"line":73,"column":null}}]},"10":{"loc":{"start":{"line":77,"column":16},"end":{"line":77,"column":28}},"type":"if","locations":[{"start":{"line":77,"column":16},"end":{"line":77,"column":28}},{"start":{"line":77,"column":16},"end":{"line":77,"column":28}}]},"11":{"loc":{"start":{"line":77,"column":16},"end":{"line":77,"column":36}},"type":"binary-expr","locations":[{"start":{"line":77,"column":16},"end":{"line":77,"column":36}},{"start":{"line":77,"column":40},"end":{"line":77,"column":71}}]},"12":{"loc":{"start":{"line":85,"column":24},"end":{"line":87,"column":null}},"type":"if","locations":[{"start":{"line":85,"column":24},"end":{"line":87,"column":null}},{"start":{"line":85,"column":24},"end":{"line":87,"column":null}}]},"13":{"loc":{"start":{"line":93,"column":30},"end":{"line":93,"column":39}},"type":"binary-expr","locations":[{"start":{"line":93,"column":30},"end":{"line":93,"column":39}},{"start":{"line":93,"column":43},"end":{"line":93,"column":50}},{"start":{"line":93,"column":54},"end":{"line":93,"column":71}}]}},"s":{"0":1,"1":1,"2":1,"3":1,"4":1,"5":1,"6":3,"7":3,"8":3,"9":3,"10":3,"11":3,"12":6,"13":0,"14":3,"15":1,"16":3,"17":3,"18":3,"19":3,"20":3,"21":3,"22":3,"23":3,"24":3,"25":7,"26":3,"27":4,"28":5,"29":3,"30":3,"31":3,"32":2,"33":2,"34":1,"35":1,"36":2,"37":1,"38":4,"39":3,"40":1},"f":{"0":3,"1":3,"2":3,"3":3,"4":3,"5":3,"6":2},"b":{"0":[3,3],"1":[3,3],"2":[3,3],"3":[3,3],"4":[3,3],"5":[3],"6":[3,0],"7":[1,2],"8":[3,0],"9":[3,4],"10":[1,3],"11":[4,3],"12":[1,1],"13":[2,0,0]}}
,"/Users/sunyi/Documents/opensource/Logan/Logan/WebSDK/src/save-log.ts": {"path":"/Users/sunyi/Documents/opensource/Logan/Logan/WebSDK/src/save-log.ts","statementMap":{"0":{"start":{"line":1,"column":0},"end":{"line":1,"column":65}},"1":{"start":{"line":2,"column":0},"end":{"line":2,"column":30}},"2":{"start":{"line":3,"column":0},"end":{"line":3,"column":37}},"3":{"start":{"line":4,"column":0},"end":{"line":4,"column":39}},"4":{"start":{"line":5,"column":17},"end":{"line":5,"column":46}},"5":{"start":{"line":6,"column":19},"end":{"line":6,"column":50}},"6":{"start":{"line":14,"column":28},"end":{"line":14,"column":30}},"7":{"start":{"line":15,"column":27},"end":{"line":15,"column":32}},"8":{"start":{"line":17,"column":21},"end":{"line":17,"column":41}},"9":{"start":{"line":18,"column":23},"end":{"line":18,"column":52}},"10":{"start":{"line":19,"column":4},"end":{"line":19,"column":22}},"11":{"start":{"line":22,"column":18},"end":{"line":26,"column":6}},"12":{"start":{"line":27,"column":4},"end":{"line":27,"column":33}},"13":{"start":{"line":30,"column":11},"end":{"line":30,"column":null}},"14":{"start":{"line":30,"column":46},"end":{"line":30,"column":null}},"15":{"start":{"line":31,"column":8},"end":{"line":31,"column":27}},"16":{"start":{"line":32,"column":14},"end":{"line":32,"column":52}},"17":{"start":{"line":34,"column":12},"end":{"line":36,"column":null}},"18":{"start":{"line":35,"column":16},"end":{"line":35,"column":60}},"19":{"start":{"line":37,"column":12},"end":{"line":39,"column":null}},"20":{"start":{"line":38,"column":16},"end":{"line":38,"column":58}},"21":{"start":{"line":40,"column":12},"end":{"line":44,"column":null}},"22":{"start":{"line":41,"column":16},"end":{"line":43,"column":33}},"23":{"start":{"line":45,"column":18},"end":{"line":45,"column":55}},"24":{"start":{"line":46,"column":16},"end":{"line":46,"column":23}},"25":{"start":{"line":47,"column":22},"end":{"line":49,"column":18}},"26":{"start":{"line":50,"column":23},"end":{"line":52,"column":18}},"27":{"start":{"line":50,"column":16},"end":{"line":52,"column":18}},"28":{"start":{"line":53,"column":23},"end":{"line":53,"column":30}},"29":{"start":{"line":54,"column":22},"end":{"line":54,"column":58}},"30":{"start":{"line":55,"column":41},"end":{"line":56,"column":null}},"31":{"start":{"line":55,"column":22},"end":{"line":57,"column":null}},"32":{"start":{"line":58,"column":22},"end":{"line":61,"column":18}},"33":{"start":{"line":62,"column":22},"end":{"line":67,"column":18}},"34":{"start":{"line":68,"column":23},"end":{"line":70,"column":18}},"35":{"start":{"line":68,"column":16},"end":{"line":70,"column":18}},"36":{"start":{"line":73,"column":12},"end":{"line":73,"column":38}},"37":{"start":{"line":74,"column":13},"end":{"line":74,"column":56}},"38":{"start":{"line":76,"column":12},"end":{"line":76,"column":32}},"39":{"start":{"line":77,"column":12},"end":{"line":77,"column":28}},"40":{"start":{"line":83,"column":4},"end":{"line":83,"column":27}},"41":{"start":{"line":84,"column":4},"end":{"line":84,"column":20}},"42":{"start":{"line":82,"column":0},"end":{"line":82,"column":24}}},"fnMap":{"0":{"name":"base64Encode","decl":{"start":{"line":16,"column":9},"end":{"line":16,"column":21}},"loc":{"start":{"line":16,"column":35},"end":{"line":20,"column":1}}},"1":{"name":"stringifyLogItem","decl":{"start":{"line":21,"column":9},"end":{"line":21,"column":25}},"loc":{"start":{"line":21,"column":43},"end":{"line":28,"column":1}}},"2":{"name":"saveRecursion","decl":{"start":{"line":29,"column":15},"end":{"line":29,"column":28}},"loc":{"start":{"line":29,"column":28},"end":{"line":80,"column":null}}},"3":{"name":"(anonymous_18)","decl":{"start":{"line":55,"column":41},"end":{"line":55,"column":null}},"loc":{"start":{"line":55,"column":41},"end":{"line":56,"column":null}}},"4":{"name":"saveLog","decl":{"start":{"line":82,"column":24},"end":{"line":82,"column":31}},"loc":{"start":{"line":82,"column":49},"end":{"line":85,"column":1}}}},"branchMap":{"0":{"loc":{"start":{"line":50,"column":16},"end":{"line":52,"column":18}},"type":"switch","locations":[{"start":{"line":50,"column":16},"end":{"line":52,"column":18}},{"start":{"line":68,"column":16},"end":{"line":70,"column":18}}]},"1":{"loc":{"start":{"line":30,"column":11},"end":{"line":30,"column":null}},"type":"if","locations":[{"start":{"line":30,"column":11},"end":{"line":30,"column":null}},{"start":{"line":30,"column":11},"end":{"line":30,"column":null}}]},"2":{"loc":{"start":{"line":30,"column":11},"end":{"line":30,"column":30}},"type":"binary-expr","locations":[{"start":{"line":30,"column":11},"end":{"line":30,"column":30}},{"start":{"line":30,"column":34},"end":{"line":30,"column":46}}]},"3":{"loc":{"start":{"line":34,"column":12},"end":{"line":36,"column":null}},"type":"if","locations":[{"start":{"line":34,"column":12},"end":{"line":36,"column":null}},{"start":{"line":34,"column":12},"end":{"line":36,"column":null}}]},"4":{"loc":{"start":{"line":37,"column":12},"end":{"line":39,"column":null}},"type":"if","locations":[{"start":{"line":37,"column":12},"end":{"line":39,"column":null}},{"start":{"line":37,"column":12},"end":{"line":39,"column":null}}]},"5":{"loc":{"start":{"line":40,"column":12},"end":{"line":44,"column":null}},"type":"if","locations":[{"start":{"line":40,"column":12},"end":{"line":44,"column":null}},{"start":{"line":40,"column":12},"end":{"line":44,"column":null}}]},"6":{"loc":{"start":{"line":46,"column":16},"end":{"line":46,"column":23}},"type":"if","locations":[{"start":{"line":46,"column":16},"end":{"line":46,"column":23}},{"start":{"line":46,"column":16},"end":{"line":46,"column":23}}]},"7":{"loc":{"start":{"line":53,"column":23},"end":{"line":53,"column":30}},"type":"if","locations":[{"start":{"line":53,"column":23},"end":{"line":53,"column":30}},{"start":{"line":53,"column":23},"end":{"line":53,"column":30}}]}},"s":{"0":1,"1":1,"2":1,"3":1,"4":1,"5":1,"6":1,"7":1,"8":35,"9":35,"10":35,"11":37,"12":37,"13":125,"14":72,"15":53,"16":53,"17":53,"18":12,"19":41,"20":4,"21":37,"22":1,"23":37,"24":39,"25":35,"26":35,"27":35,"28":2,"29":2,"30":4,"31":2,"32":2,"33":2,"34":2,"35":2,"36":19,"37":19,"38":53,"39":53,"40":53,"41":53,"42":1},"f":{"0":35,"1":37,"2":106,"3":2,"4":53},"b":{"0":[35,2],"1":[72,53],"2":[125,95],"3":[12,41],"4":[4,37],"5":[1,36],"6":[2,35],"7":[0,2]}}
,"/Users/sunyi/Documents/opensource/Logan/Logan/WebSDK/src/lib/ajax.ts": {"path":"/Users/sunyi/Documents/opensource/Logan/Logan/WebSDK/src/lib/ajax.ts","statementMap":{"0":{"start":{"line":1,"column":0},"end":{"line":1,"column":24}},"1":{"start":{"line":3,"column":4},"end":{"line":20,"column":7}},"2":{"start":{"line":4,"column":8},"end":{"line":19,"column":11}},"3":{"start":{"line":14,"column":16},"end":{"line":14,"column":29}},"4":{"start":{"line":17,"column":16},"end":{"line":17,"column":55}},"5":{"start":{"line":2,"column":0},"end":{"line":2,"column":22}}},"fnMap":{"0":{"name":"ajaxPost","decl":{"start":{"line":2,"column":22},"end":{"line":2,"column":30}},"loc":{"start":{"line":2,"column":70},"end":{"line":21,"column":null}}},"1":{"name":"(anonymous_16)","decl":{"start":{"line":3,"column":23},"end":{"line":3,"column":24}},"loc":{"start":{"line":3,"column":39},"end":{"line":20,"column":5}}},"2":{"name":"(anonymous_17)","decl":{"start":{"line":13,"column":21},"end":{"line":13,"column":22}},"loc":{"start":{"line":13,"column":30},"end":{"line":15,"column":13}}},"3":{"name":"(anonymous_18)","decl":{"start":{"line":16,"column":18},"end":{"line":16,"column":19}},"loc":{"start":{"line":16,"column":27},"end":{"line":18,"column":13}}}},"branchMap":{"0":{"loc":{"start":{"line":17,"column":23},"end":{"line":17,"column":26}},"type":"binary-expr","locations":[{"start":{"line":17,"column":23},"end":{"line":17,"column":26}},{"start":{"line":17,"column":30},"end":{"line":17,"column":53}}]}},"s":{"0":1,"1":3,"2":3,"3":2,"4":1,"5":1},"f":{"0":3,"1":3,"2":2,"3":1},"b":{"0":[1,1]}}
,"/Users/sunyi/Documents/opensource/Logan/Logan/WebSDK/src/lib/encryption.ts": {"path":"/Users/sunyi/Documents/opensource/Logan/Logan/WebSDK/src/lib/encryption.ts","statementMap":{"0":{"start":{"line":2,"column":0},"end":{"line":2,"column":40}},"1":{"start":{"line":4,"column":12},"end":{"line":4,"column":36}},"2":{"start":{"line":6,"column":17},"end":{"line":6,"column":46}},"3":{"start":{"line":8,"column":19},"end":{"line":8,"column":50}},"4":{"start":{"line":10,"column":17},"end":{"line":10,"column":46}},"5":{"start":{"line":12,"column":22},"end":{"line":12,"column":56}},"6":{"start":{"line":19,"column":17},"end":{"line":19,"column":19}},"7":{"start":{"line":20,"column":4},"end":{"line":24,"column":null}},"8":{"start":{"line":21,"column":8},"end":{"line":23,"column":26}},"9":{"start":{"line":25,"column":4},"end":{"line":25,"column":18}},"10":{"start":{"line":35,"column":16},"end":{"line":35,"column":41}},"11":{"start":{"line":36,"column":15},"end":{"line":36,"column":39}},"12":{"start":{"line":37,"column":25},"end":{"line":41,"column":6}},"13":{"start":{"line":42,"column":23},"end":{"line":42,"column":46}},"14":{"start":{"line":43,"column":29},"end":{"line":43,"column":60}},"15":{"start":{"line":44,"column":4},"end":{"line":44,"column":28}},"16":{"start":{"line":48,"column":15},"end":{"line":48,"column":30}},"17":{"start":{"line":49,"column":4},"end":{"line":49,"column":31}},"18":{"start":{"line":50,"column":19},"end":{"line":50,"column":40}},"19":{"start":{"line":51,"column":4},"end":{"line":51,"column":18}},"20":{"start":{"line":58,"column":4},"end":{"line":58,"column":79}},"21":{"start":{"line":65,"column":15},"end":{"line":65,"column":38}},"22":{"start":{"line":66,"column":19},"end":{"line":66,"column":42}},"23":{"start":{"line":67,"column":23},"end":{"line":67,"column":56}},"24":{"start":{"line":68,"column":22},"end":{"line":68,"column":51}},"25":{"start":{"line":69,"column":4},"end":{"line":73,"column":6}},"26":{"start":{"line":61,"column":0},"end":{"line":61,"column":16}}},"fnMap":{"0":{"name":"generateRandomBytes","decl":{"start":{"line":18,"column":9},"end":{"line":18,"column":28}},"loc":{"start":{"line":18,"column":48},"end":{"line":26,"column":1}}},"1":{"name":"aesEncrypt","decl":{"start":{"line":28,"column":9},"end":{"line":28,"column":19}},"loc":{"start":{"line":33,"column":16},"end":{"line":45,"column":1}}},"2":{"name":"rsaEncrypt","decl":{"start":{"line":47,"column":9},"end":{"line":47,"column":19}},"loc":{"start":{"line":47,"column":57},"end":{"line":52,"column":1}}},"3":{"name":"ctrEncrypt","decl":{"start":{"line":57,"column":9},"end":{"line":57,"column":19}},"loc":{"start":{"line":57,"column":75},"end":{"line":59,"column":1}}},"4":{"name":"encryptByRSA","decl":{"start":{"line":61,"column":16},"end":{"line":61,"column":28}},"loc":{"start":{"line":63,"column":21},"end":{"line":74,"column":1}}}},"branchMap":{},"s":{"0":1,"1":1,"2":1,"3":1,"4":1,"5":1,"6":4,"7":4,"8":64,"9":4,"10":2,"11":2,"12":2,"13":2,"14":2,"15":2,"16":2,"17":2,"18":2,"19":2,"20":2,"21":2,"22":2,"23":2,"24":2,"25":2,"26":1},"f":{"0":4,"1":2,"2":2,"3":2,"4":2},"b":{}}
,"/Users/sunyi/Documents/opensource/Logan/Logan/WebSDK/src/lib/logan-db.ts": {"path":"/Users/sunyi/Documents/opensource/Logan/Logan/WebSDK/src/lib/logan-db.ts","statementMap":{"0":{"start":{"line":1,"column":0},"end":{"line":1,"column":65}},"1":{"start":{"line":2,"column":0},"end":{"line":2,"column":72}},"2":{"start":{"line":3,"column":0},"end":{"line":3,"column":41}},"3":{"start":{"line":4,"column":25},"end":{"line":4,"column":26}},"4":{"start":{"line":5,"column":22},"end":{"line":5,"column":36}},"5":{"start":{"line":6,"column":30},"end":{"line":6,"column":50}},"6":{"start":{"line":7,"column":36},"end":{"line":7,"column":51}},"7":{"start":{"line":8,"column":36},"end":{"line":8,"column":51}},"8":{"start":{"line":9,"column":27},"end":{"line":9,"column":42}},"9":{"start":{"line":10,"column":13},"end":{"line":10,"column":50}},"10":{"start":{"line":11,"column":29},"end":{"line":11,"column":49}},"11":{"start":{"line":12,"column":36},"end":{"line":12,"column":46}},"12":{"start":{"line":13,"column":37},"end":{"line":13,"column":47}},"13":{"start":{"line":33,"column":0},"end":{"line":33,"column":21}},"14":{"start":{"line":38,"column":8},"end":{"line":58,"column":11}},"15":{"start":{"line":64,"column":4},"end":{"line":69,"column":null}},"16":{"start":{"line":68,"column":8},"end":{"line":68,"column":40}},"17":{"start":{"line":70,"column":4},"end":{"line":76,"column":null}},"18":{"start":{"line":71,"column":27},"end":{"line":71,"column":48}},"19":{"start":{"line":72,"column":8},"end":{"line":75,"column":10}},"20":{"start":{"line":77,"column":10},"end":{"line":82,"column":null}},"21":{"start":{"line":78,"column":17},"end":{"line":81,"column":44}},"22":{"start":{"line":78,"column":8},"end":{"line":81,"column":45}},"23":{"start":{"line":83,"column":10},"end":{"line":105,"column":null}},"24":{"start":{"line":87,"column":12},"end":{"line":87,"column":22}},"25":{"start":{"line":88,"column":29},"end":{"line":91,"column":48}},"26":{"start":{"line":88,"column":18},"end":{"line":91,"column":null}},"27":{"start":{"line":92,"column":12},"end":{"line":92,"column":42}},"28":{"start":{"line":94,"column":21},"end":{"line":103,"column":46}},"29":{"start":{"line":94,"column":12},"end":{"line":103,"column":47}},"30":{"start":{"line":106,"column":10},"end":{"line":117,"column":null}},"31":{"start":{"line":109,"column":23},"end":{"line":115,"column":39}},"32":{"start":{"line":109,"column":14},"end":{"line":115,"column":null}},"33":{"start":{"line":116,"column":8},"end":{"line":116,"column":20}},"34":{"start":{"line":118,"column":10},"end":{"line":183,"column":null}},"35":{"start":{"line":119,"column":14},"end":{"line":119,"column":42}},"36":{"start":{"line":120,"column":14},"end":{"line":120,"column":31}},"37":{"start":{"line":121,"column":14},"end":{"line":121,"column":50}},"38":{"start":{"line":122,"column":44},"end":{"line":124,"column":10}},"39":{"start":{"line":122,"column":14},"end":{"line":130,"column":null}},"40":{"start":{"line":131,"column":8},"end":{"line":133,"column":null}},"41":{"start":{"line":132,"column":12},"end":{"line":132,"column":61}},"42":{"start":{"line":134,"column":8},"end":{"line":136,"column":null}},"43":{"start":{"line":135,"column":12},"end":{"line":135,"column":59}},"44":{"start":{"line":137,"column":14},"end":{"line":137,"column":72}},"45":{"start":{"line":138,"column":14},"end":{"line":138,"column":64}},"46":{"start":{"line":139,"column":14},"end":{"line":139,"column":70}},"47":{"start":{"line":140,"column":14},"end":{"line":142,"column":69}},"48":{"start":{"line":143,"column":14},"end":{"line":151,"column":13}},"49":{"start":{"line":144,"column":28},"end":{"line":144,"column":55}},"50":{"start":{"line":145,"column":12},"end":{"line":149,"column":null}},"51":{"start":{"line":146,"column":16},"end":{"line":146,"column":38}},"52":{"start":{"line":148,"column":16},"end":{"line":148,"column":53}},"53":{"start":{"line":150,"column":12},"end":{"line":150,"column":27}},"54":{"start":{"line":152,"column":14},"end":{"line":160,"column":10}},"55":{"start":{"line":161,"column":14},"end":{"line":167,"column":10}},"56":{"start":{"line":169,"column":14},"end":{"line":170,"column":77}},"57":{"start":{"line":171,"column":8},"end":{"line":182,"column":11}},"58":{"start":{"line":34,"column":18},"end":{"line":34,"column":50}},"59":{"start":{"line":35,"column":18},"end":{"line":35,"column":38}},"60":{"start":{"line":184,"column":0},"end":{"line":184,"column":null}},"61":{"start":{"line":33,"column":21},"end":{"line":33,"column":null}}},"fnMap":{"0":{"name":"(anonymous_13)","decl":{"start":{"line":33,"column":0},"end":{"line":33,"column":21}},"loc":{"start":{"line":33,"column":0},"end":{"line":33,"column":21}}},"1":{"name":"LoganDB","decl":{"start":{"line":37,"column":4},"end":{"line":37,"column":16}},"loc":{"start":{"line":37,"column":31},"end":{"line":59,"column":5}}},"2":{"name":"(anonymous_15)","decl":{"start":{"line":64,"column":4},"end":{"line":64,"column":26}},"loc":{"start":{"line":66,"column":25},"end":{"line":69,"column":5}}},"3":{"name":"(anonymous_16)","decl":{"start":{"line":70,"column":4},"end":{"line":70,"column":23}},"loc":{"start":{"line":70,"column":59},"end":{"line":76,"column":5}}},"4":{"name":"(anonymous_17)","decl":{"start":{"line":77,"column":4},"end":{"line":77,"column":10}},"loc":{"start":{"line":77,"column":39},"end":{"line":82,"column":null}}},"5":{"name":"(anonymous_20)","decl":{"start":{"line":83,"column":4},"end":{"line":83,"column":10}},"loc":{"start":{"line":85,"column":24},"end":{"line":105,"column":null}}},"6":{"name":"(anonymous_23)","decl":{"start":{"line":106,"column":4},"end":{"line":106,"column":10}},"loc":{"start":{"line":107,"column":42},"end":{"line":117,"column":null}}},"7":{"name":"(anonymous_26)","decl":{"start":{"line":118,"column":4},"end":{"line":118,"column":10}},"loc":{"start":{"line":118,"column":35},"end":{"line":183,"column":null}}},"8":{"name":"(anonymous_29)","decl":{"start":{"line":143,"column":34},"end":{"line":143,"column":null}},"loc":{"start":{"line":143,"column":34},"end":{"line":151,"column":9}}}},"branchMap":{"0":{"loc":{"start":{"line":39,"column":20},"end":{"line":39,"column":26}},"type":"binary-expr","locations":[{"start":{"line":39,"column":20},"end":{"line":39,"column":26}},{"start":{"line":39,"column":30},"end":{"line":39,"column":43}}]},"1":{"loc":{"start":{"line":78,"column":17},"end":{"line":81,"column":44}},"type":"switch","locations":[{"start":{"line":78,"column":17},"end":{"line":81,"column":44}},{"start":{"line":78,"column":8},"end":{"line":81,"column":45}}]},"2":{"loc":{"start":{"line":94,"column":21},"end":{"line":103,"column":46}},"type":"switch","locations":[{"start":{"line":94,"column":21},"end":{"line":103,"column":46}},{"start":{"line":94,"column":12},"end":{"line":103,"column":47}}]},"3":{"loc":{"start":{"line":87,"column":12},"end":{"line":87,"column":22}},"type":"if","locations":[{"start":{"line":87,"column":12},"end":{"line":87,"column":22}},{"start":{"line":87,"column":12},"end":{"line":87,"column":22}}]},"4":{"loc":{"start":{"line":92,"column":28},"end":{"line":92,"column":36}},"type":"cond-expr","locations":[{"start":{"line":92,"column":28},"end":{"line":92,"column":36}},{"start":{"line":92,"column":39},"end":{"line":92,"column":41}}]},"5":{"loc":{"start":{"line":109,"column":23},"end":{"line":115,"column":39}},"type":"switch","locations":[{"start":{"line":109,"column":23},"end":{"line":115,"column":39}}]},"6":{"loc":{"start":{"line":122,"column":44},"end":{"line":122,"column":50}},"type":"binary-expr","locations":[{"start":{"line":122,"column":44},"end":{"line":122,"column":50}},{"start":{"line":124,"column":10},"end":{"line":130,"column":null}}]},"7":{"loc":{"start":{"line":131,"column":8},"end":{"line":133,"column":null}},"type":"if","locations":[{"start":{"line":131,"column":8},"end":{"line":133,"column":null}},{"start":{"line":131,"column":8},"end":{"line":133,"column":null}}]},"8":{"loc":{"start":{"line":134,"column":8},"end":{"line":136,"column":null}},"type":"if","locations":[{"start":{"line":134,"column":8},"end":{"line":136,"column":null}},{"start":{"line":134,"column":8},"end":{"line":136,"column":null}}]},"9":{"loc":{"start":{"line":141,"column":12},"end":{"line":141,"column":31}},"type":"binary-expr","locations":[{"start":{"line":141,"column":12},"end":{"line":141,"column":31}},{"start":{"line":142,"column":12},"end":{"line":142,"column":68}}]},"10":{"loc":{"start":{"line":145,"column":12},"end":{"line":149,"column":null}},"type":"if","locations":[{"start":{"line":145,"column":12},"end":{"line":149,"column":null}},{"start":{"line":145,"column":12},"end":{"line":149,"column":null}}]},"11":{"loc":{"start":{"line":155,"column":30},"end":{"line":155,"column":50}},"type":"cond-expr","locations":[{"start":{"line":155,"column":30},"end":{"line":155,"column":50}},{"start":{"line":155,"column":53},"end":{"line":155,"column":69}}]}},"s":{"0":1,"1":1,"2":1,"3":1,"4":1,"5":1,"6":1,"7":1,"8":1,"9":1,"10":1,"11":1,"12":1,"13":1,"14":2,"15":1,"16":37,"17":1,"18":3,"19":3,"20":1,"21":37,"22":37,"23":1,"24":4,"25":2,"26":2,"27":2,"28":1,"29":1,"30":1,"31":3,"32":3,"33":3,"34":1,"35":37,"36":37,"37":37,"38":37,"39":37,"40":37,"41":3,"42":34,"43":0,"44":34,"45":34,"46":34,"47":34,"48":34,"49":34,"50":34,"51":8,"52":26,"53":34,"54":34,"55":34,"56":34,"57":68,"58":1,"59":1,"60":1,"61":1},"f":{"0":1,"1":2,"2":37,"3":3,"4":37,"5":3,"6":3,"7":37,"8":34},"b":{"0":[2,0],"1":[37,37],"2":[1,1],"3":[1,2],"4":[2,0],"5":[3],"6":[37,7],"7":[3,34],"8":[0,34],"9":[34,27],"10":[8,26],"11":[8,26]}}
,"/Users/sunyi/Documents/opensource/Logan/Logan/WebSDK/src/lib/utils.ts": {"path":"/Users/sunyi/Documents/opensource/Logan/Logan/WebSDK/src/lib/utils.ts","statementMap":{"0":{"start":{"line":2,"column":13},"end":{"line":2,"column":27}},"1":{"start":{"line":3,"column":13},"end":{"line":3,"column":36}},"2":{"start":{"line":5,"column":16},"end":{"line":5,"column":17}},"3":{"start":{"line":6,"column":4},"end":{"line":17,"column":null}},"4":{"start":{"line":6,"column":17},"end":{"line":6,"column":18}},"5":{"start":{"line":6,"column":26},"end":{"line":6,"column":36}},"6":{"start":{"line":7,"column":25},"end":{"line":7,"column":42}},"7":{"start":{"line":8,"column":8},"end":{"line":16,"column":null}},"8":{"start":{"line":9,"column":12},"end":{"line":9,"column":23}},"9":{"start":{"line":10,"column":15},"end":{"line":16,"column":null}},"10":{"start":{"line":11,"column":12},"end":{"line":11,"column":23}},"11":{"start":{"line":12,"column":15},"end":{"line":16,"column":null}},"12":{"start":{"line":13,"column":12},"end":{"line":13,"column":23}},"13":{"start":{"line":15,"column":12},"end":{"line":15,"column":23}},"14":{"start":{"line":18,"column":4},"end":{"line":18,"column":17}},"15":{"start":{"line":4,"column":0},"end":{"line":4,"column":16}},"16":{"start":{"line":22,"column":21},"end":{"line":22,"column":35}},"17":{"start":{"line":23,"column":14},"end":{"line":23,"column":35}},"18":{"start":{"line":24,"column":14},"end":{"line":24,"column":35}},"19":{"start":{"line":25,"column":4},"end":{"line":31,"column":6}},"20":{"start":{"line":21,"column":0},"end":{"line":21,"column":16}},"21":{"start":{"line":35,"column":14},"end":{"line":35,"column":32}},"22":{"start":{"line":36,"column":14},"end":{"line":36,"column":33}},"23":{"start":{"line":37,"column":14},"end":{"line":37,"column":28}},"24":{"start":{"line":38,"column":4},"end":{"line":38,"column":66}},"25":{"start":{"line":34,"column":0},"end":{"line":34,"column":16}},"26":{"start":{"line":42,"column":4},"end":{"line":46,"column":16}},"27":{"start":{"line":41,"column":0},"end":{"line":41,"column":16}},"28":{"start":{"line":50,"column":10},"end":{"line":50,"column":11}},"29":{"start":{"line":50,"column":11},"end":{"line":50,"column":15}},"30":{"start":{"line":50,"column":17},"end":{"line":50,"column":22}},"31":{"start":{"line":50,"column":24},"end":{"line":50,"column":81}},"32":{"start":{"line":51,"column":4},"end":{"line":53,"column":null}},"33":{"start":{"line":52,"column":8},"end":{"line":52,"column":53}},"34":{"start":{"line":54,"column":4},"end":{"line":54,"column":43}},"35":{"start":{"line":49,"column":0},"end":{"line":49,"column":16}},"36":{"start":{"line":57,"column":13},"end":{"line":57,"column":53}}},"fnMap":{"0":{"name":"sizeOf","decl":{"start":{"line":4,"column":16},"end":{"line":4,"column":22}},"loc":{"start":{"line":4,"column":35},"end":{"line":19,"column":1}}},"1":{"name":"isValidDay","decl":{"start":{"line":21,"column":16},"end":{"line":21,"column":26}},"loc":{"start":{"line":21,"column":39},"end":{"line":32,"column":1}}},"2":{"name":"dateFormat2Day","decl":{"start":{"line":34,"column":16},"end":{"line":34,"column":30}},"loc":{"start":{"line":34,"column":42},"end":{"line":39,"column":1}}},"3":{"name":"getStartOfDay","decl":{"start":{"line":41,"column":16},"end":{"line":41,"column":29}},"loc":{"start":{"line":41,"column":41},"end":{"line":47,"column":1}}},"4":{"name":"dayFormat2Date","decl":{"start":{"line":49,"column":16},"end":{"line":49,"column":30}},"loc":{"start":{"line":49,"column":43},"end":{"line":55,"column":1}}},"5":{"name":"(anonymous_5)","decl":{"start":{"line":50,"column":10},"end":{"line":50,"column":11}},"loc":{"start":{"line":50,"column":10},"end":{"line":50,"column":11}}}},"branchMap":{"0":{"loc":{"start":{"line":8,"column":8},"end":{"line":16,"column":null}},"type":"if","locations":[{"start":{"line":8,"column":8},"end":{"line":16,"column":null}},{"start":{"line":8,"column":8},"end":{"line":16,"column":null}}]},"1":{"loc":{"start":{"line":10,"column":15},"end":{"line":16,"column":null}},"type":"if","locations":[{"start":{"line":10,"column":15},"end":{"line":16,"column":null}},{"start":{"line":10,"column":15},"end":{"line":16,"column":null}}]},"2":{"loc":{"start":{"line":12,"column":15},"end":{"line":16,"column":null}},"type":"if","locations":[{"start":{"line":12,"column":15},"end":{"line":16,"column":null}},{"start":{"line":12,"column":15},"end":{"line":16,"column":null}}]},"3":{"loc":{"start":{"line":26,"column":8},"end":{"line":26,"column":13}},"type":"binary-expr","locations":[{"start":{"line":26,"column":8},"end":{"line":26,"column":13}},{"start":{"line":27,"column":8},"end":{"line":27,"column":15}},{"start":{"line":28,"column":8},"end":{"line":28,"column":13}},{"start":{"line":29,"column":8},"end":{"line":29,"column":15}},{"start":{"line":30,"column":8},"end":{"line":30,"column":51}}]},"4":{"loc":{"start":{"line":38,"column":28},"end":{"line":38,"column":35}},"type":"cond-expr","locations":[{"start":{"line":38,"column":28},"end":{"line":38,"column":35}},{"start":{"line":38,"column":38},"end":{"line":38,"column":39}}]},"5":{"loc":{"start":{"line":38,"column":52},"end":{"line":38,"column":59}},"type":"cond-expr","locations":[{"start":{"line":38,"column":52},"end":{"line":38,"column":59}},{"start":{"line":38,"column":62},"end":{"line":38,"column":63}}]},"6":{"loc":{"start":{"line":50,"column":10},"end":{"line":50,"column":11}},"type":"binary-expr","locations":[{"start":{"line":50,"column":10},"end":{"line":50,"column":11}},{"start":{"line":50,"column":10},"end":{"line":50,"column":11}}]},"7":{"loc":{"start":{"line":51,"column":4},"end":{"line":53,"column":null}},"type":"if","locations":[{"start":{"line":51,"column":4},"end":{"line":53,"column":null}},{"start":{"line":51,"column":4},"end":{"line":53,"column":null}}]}},"s":{"0":1,"1":1,"2":38,"3":38,"4":38,"5":38,"6":8002812,"7":8002812,"8":8002810,"9":2,"10":1,"11":1,"12":1,"13":0,"14":38,"15":1,"16":10,"17":10,"18":10,"19":10,"20":1,"21":47,"22":47,"23":47,"24":47,"25":1,"26":34,"27":1,"28":24,"29":6,"30":6,"31":6,"32":6,"33":0,"34":6,"35":1,"36":1},"f":{"0":38,"1":10,"2":47,"3":34,"4":6,"5":18},"b":{"0":[8002810,2],"1":[1,1],"2":[1,0],"3":[10,9,9,9,9],"4":[47,0],"5":[0,47],"6":[6,0],"7":[0,6]}}
,"/Users/sunyi/Documents/opensource/Logan/Logan/WebSDK/src/lib/xhr.ts": {"path":"/Users/sunyi/Documents/opensource/Logan/Logan/WebSDK/src/lib/xhr.ts","statementMap":{"0":{"start":{"line":1,"column":13},"end":{"line":1,"column":45}},"1":{"start":{"line":12,"column":39},"end":{"line":12,"column":65}},"2":{"start":{"line":13,"column":16},"end":{"line":15,"column":30}},"3":{"start":{"line":16,"column":4},"end":{"line":16,"column":49}},"4":{"start":{"line":17,"column":4},"end":{"line":17,"column":39}},"5":{"start":{"line":18,"column":4},"end":{"line":18,"column":33}},"6":{"start":{"line":19,"column":4},"end":{"line":19,"column":49}},"7":{"start":{"line":20,"column":4},"end":{"line":40,"column":null}},"8":{"start":{"line":21,"column":8},"end":{"line":21,"column":42}},"9":{"start":{"line":22,"column":8},"end":{"line":22,"column":40}},"10":{"start":{"line":23,"column":8},"end":{"line":23,"column":30}},"11":{"start":{"line":25,"column":8},"end":{"line":39,"column":10}},"12":{"start":{"line":26,"column":12},"end":{"line":38,"column":null}},"13":{"start":{"line":27,"column":31},"end":{"line":27,"column":41}},"14":{"start":{"line":28,"column":16},"end":{"line":37,"column":null}},"15":{"start":{"line":29,"column":20},"end":{"line":34,"column":null}},"16":{"start":{"line":30,"column":41},"end":{"line":30,"column":69}},"17":{"start":{"line":31,"column":24},"end":{"line":31,"column":63}},"18":{"start":{"line":33,"column":24},"end":{"line":33,"column":50}},"19":{"start":{"line":36,"column":20},"end":{"line":36,"column":59}},"20":{"start":{"line":41,"column":4},"end":{"line":52,"column":null}},"21":{"start":{"line":42,"column":8},"end":{"line":48,"column":null}},"22":{"start":{"line":43,"column":12},"end":{"line":47,"column":null}},"23":{"start":{"line":44,"column":16},"end":{"line":46,"column":null}},"24":{"start":{"line":45,"column":20},"end":{"line":45,"column":64}},"25":{"start":{"line":49,"column":8},"end":{"line":49,"column":28}},"26":{"start":{"line":51,"column":8},"end":{"line":51,"column":19}},"27":{"start":{"line":53,"column":4},"end":{"line":53,"column":15}},"28":{"start":{"line":11,"column":0},"end":{"line":11,"column":25}}},"fnMap":{"0":{"name":"(anonymous_0)","decl":{"start":{"line":1,"column":13},"end":{"line":1,"column":44}},"loc":{"start":{"line":1,"column":13},"end":{"line":1,"column":45}}},"1":{"name":"default_1","decl":{"start":{"line":11,"column":0},"end":{"line":11,"column":25}},"loc":{"start":{"line":11,"column":38},"end":{"line":54,"column":1}}},"2":{"name":"(anonymous_2)","decl":{"start":{"line":25,"column":33},"end":{"line":25,"column":null}},"loc":{"start":{"line":25,"column":33},"end":{"line":39,"column":9}}}},"branchMap":{"0":{"loc":{"start":{"line":14,"column":10},"end":{"line":14,"column":46}},"type":"cond-expr","locations":[{"start":{"line":14,"column":10},"end":{"line":14,"column":46}},{"start":{"line":15,"column":10},"end":{"line":15,"column":30}}]},"1":{"loc":{"start":{"line":16,"column":13},"end":{"line":16,"column":22}},"type":"binary-expr","locations":[{"start":{"line":16,"column":13},"end":{"line":16,"column":22}},{"start":{"line":16,"column":26},"end":{"line":16,"column":31}}]},"2":{"loc":{"start":{"line":17,"column":18},"end":{"line":17,"column":30}},"type":"binary-expr","locations":[{"start":{"line":17,"column":18},"end":{"line":17,"column":30}},{"start":{"line":17,"column":34},"end":{"line":17,"column":38}}]},"3":{"loc":{"start":{"line":18,"column":15},"end":{"line":18,"column":24}},"type":"binary-expr","locations":[{"start":{"line":18,"column":15},"end":{"line":18,"column":24}},{"start":{"line":18,"column":28},"end":{"line":18,"column":32}}]},"4":{"loc":{"start":{"line":20,"column":4},"end":{"line":40,"column":null}},"type":"if","locations":[{"start":{"line":20,"column":4},"end":{"line":40,"column":null}},{"start":{"line":20,"column":4},"end":{"line":40,"column":null}}]},"5":{"loc":{"start":{"line":21,"column":21},"end":{"line":21,"column":33}},"type":"binary-expr","locations":[{"start":{"line":21,"column":21},"end":{"line":21,"column":33}},{"start":{"line":21,"column":37},"end":{"line":21,"column":41}}]},"6":{"loc":{"start":{"line":22,"column":22},"end":{"line":22,"column":31}},"type":"binary-expr","locations":[{"start":{"line":22,"column":22},"end":{"line":22,"column":31}},{"start":{"line":22,"column":35},"end":{"line":22,"column":39}}]},"7":{"loc":{"start":{"line":26,"column":12},"end":{"line":38,"column":null}},"type":"if","locations":[{"start":{"line":26,"column":12},"end":{"line":38,"column":null}},{"start":{"line":26,"column":12},"end":{"line":38,"column":null}}]},"8":{"loc":{"start":{"line":28,"column":16},"end":{"line":37,"column":null}},"type":"if","locations":[{"start":{"line":28,"column":16},"end":{"line":37,"column":null}},{"start":{"line":28,"column":16},"end":{"line":37,"column":null}}]},"9":{"loc":{"start":{"line":31,"column":24},"end":{"line":31,"column":36}},"type":"binary-expr","locations":[{"start":{"line":31,"column":24},"end":{"line":31,"column":36}},{"start":{"line":31,"column":40},"end":{"line":31,"column":62}}]},"10":{"loc":{"start":{"line":33,"column":24},"end":{"line":33,"column":33}},"type":"binary-expr","locations":[{"start":{"line":33,"column":24},"end":{"line":33,"column":33}},{"start":{"line":33,"column":37},"end":{"line":33,"column":49}}]},"11":{"loc":{"start":{"line":36,"column":20},"end":{"line":36,"column":29}},"type":"binary-expr","locations":[{"start":{"line":36,"column":20},"end":{"line":36,"column":29}},{"start":{"line":36,"column":33},"end":{"line":36,"column":58}}]},"12":{"loc":{"start":{"line":41,"column":4},"end":{"line":52,"column":null}},"type":"if","locations":[{"start":{"line":41,"column":4},"end":{"line":52,"column":null}},{"start":{"line":41,"column":4},"end":{"line":52,"column":null}}]},"13":{"loc":{"start":{"line":42,"column":8},"end":{"line":48,"column":null}},"type":"if","locations":[{"start":{"line":42,"column":8},"end":{"line":48,"column":null}},{"start":{"line":42,"column":8},"end":{"line":48,"column":null}}]},"14":{"loc":{"start":{"line":42,"column":12},"end":{"line":42,"column":23}},"type":"binary-expr","locations":[{"start":{"line":42,"column":12},"end":{"line":42,"column":23}},{"start":{"line":42,"column":27},"end":{"line":42,"column":45}}]},"15":{"loc":{"start":{"line":44,"column":16},"end":{"line":46,"column":null}},"type":"if","locations":[{"start":{"line":44,"column":16},"end":{"line":46,"column":null}},{"start":{"line":44,"column":16},"end":{"line":46,"column":null}}]}},"s":{"0":1,"1":3,"2":3,"3":3,"4":3,"5":3,"6":3,"7":3,"8":0,"9":0,"10":0,"11":3,"12":3,"13":3,"14":3,"15":2,"16":2,"17":2,"18":0,"19":1,"20":3,"21":3,"22":3,"23":6,"24":6,"25":3,"26":0,"27":3,"28":1},"f":{"0":0,"1":3,"2":3},"b":{"0":[0,3],"1":[3,0],"2":[3,0],"3":[3,0],"4":[0,3],"5":[0,0],"6":[0,0],"7":[3,0],"8":[2,1],"9":[2,2],"10":[0,0],"11":[1,1],"12":[3,0],"13":[3,0],"14":[3,3],"15":[6,0]}}
}
