TN:
SF:/Users/sunyi/Documents/opensource/Logan/Logan/WebSDK/src/global.ts
FN:3,(anonymous_0)
FN:8,validOrBackup
FN:16,(anonymous_2)
FN:33,(anonymous_3)
FNF:4
FNH:4
FNDA:13,(anonymous_0)
FNDA:65,validOrBackup
FNDA:13,(anonymous_2)
FNDA:47,(anonymous_3)
DA:2,1
DA:3,1
DA:4,1
DA:13,65
DA:15,1
DA:17,13
DA:34,47
LF:7
LH:7
BRDA:13,0,0,44
BRDA:13,0,1,21
BRF:2
BRH:2
end_of_record
TN:
SF:/Users/sunyi/Documents/opensource/Logan/Logan/WebSDK/src/index.ts
FN:17,reportParamChecker
FN:36,logParamChecker
FN:49,logAsync
FN:54,(anonymous_18)
FN:67,logIfLoaded
FN:78,onWindowLoad
FN:79,(anonymous_21)
FN:92,initConfig
FN:101,log
FN:110,logWithEncryption
FN:120,report
FN:122,(anonymous_28)
FNF:12
FNH:11
FNDA:6,reportParamChecker
FNDA:55,logParamChecker
FNDA:55,logAsync
FNDA:53,(anonymous_18)
FNDA:55,logIfLoaded
FNDA:1,onWindowLoad
FNDA:0,(anonymous_21)
FNDA:13,initConfig
FNDA:52,log
FNDA:3,logWithEncryption
FNDA:6,report
FNDA:3,(anonymous_28)
DA:1,1
DA:7,1
DA:8,1
DA:9,1
DA:10,1
DA:11,1
DA:12,1
DA:13,0
DA:15,1
DA:18,6
DA:19,0
DA:21,6
DA:22,1
DA:24,5
DA:25,5
DA:26,0
DA:28,5
DA:29,1
DA:31,4
DA:32,1
DA:37,55
DA:38,1
DA:40,54
DA:41,3
DA:42,1
DA:51,55
DA:53,55
DA:54,106
DA:57,53
DA:59,2
DA:60,2
DA:63,0
DA:68,55
DA:72,55
DA:74,0
DA:79,1
DA:80,0
DA:82,1
DA:83,1
DA:85,1
DA:92,1
DA:93,13
DA:101,1
DA:102,52
DA:110,1
DA:111,3
DA:120,1
DA:121,6
DA:122,6
DA:125,3
DA:128,1
LF:51
LH:45
BRDA:12,0,0,0
BRDA:12,0,1,1
BRDA:18,1,0,0
BRDA:18,1,1,6
BRDA:18,2,0,6
BRDA:18,2,1,6
BRDA:21,3,0,1
BRDA:21,3,1,5
BRDA:25,4,0,0
BRDA:25,4,1,5
BRDA:28,5,0,1
BRDA:28,5,1,4
BRDA:31,6,0,1
BRDA:31,6,1,3
BRDA:37,7,0,1
BRDA:37,7,1,54
BRDA:40,8,0,3
BRDA:40,8,1,51
BRDA:41,9,0,1
BRDA:41,9,1,2
BRDA:51,10,0,0
BRDA:51,10,1,55
BRDA:68,11,0,55
BRDA:68,11,1,0
BRDA:69,12,0,55
BRDA:69,12,1,55
BRDA:69,12,2,55
BRDA:125,13,0,3
BRF:28
BRH:23
end_of_record
TN:
SF:/Users/sunyi/Documents/opensource/Logan/Logan/WebSDK/src/interface.ts
FN:4,(anonymous_0)
FN:21,(anonymous_1)
FNF:2
FNH:2
FNDA:1,(anonymous_0)
FNDA:1,(anonymous_1)
DA:4,1
DA:5,1
DA:6,1
DA:7,1
DA:8,1
DA:9,1
DA:10,1
DA:21,1
DA:22,1
DA:23,1
LF:10
LH:10
BRDA:4,0,0,1
BRDA:4,0,1,1
BRDA:21,1,0,1
BRDA:21,1,1,1
BRF:4
BRH:4
end_of_record
TN:
SF:/Users/sunyi/Documents/opensource/Logan/Logan/WebSDK/src/log-manager.ts
FN:3,errorTrigger
FN:9,canSave
FN:13,resetQuota
FNF:3
FNH:3
FNDA:21,errorTrigger
FNDA:108,canSave
FNDA:9,resetQuota
DA:1,1
DA:2,1
DA:4,21
DA:5,9
DA:10,108
DA:14,9
DA:17,1
LF:7
LH:7
BRDA:4,0,0,9
BRDA:4,0,1,12
BRF:2
BRH:2
end_of_record
TN:
SF:/Users/sunyi/Documents/opensource/Logan/Logan/WebSDK/src/node_index.ts
FN:5,(anonymous_0)
FNF:1
FNH:1
FNDA:4,(anonymous_0)
DA:5,1
DA:6,1
LF:2
LH:2
BRF:0
BRH:0
end_of_record
TN:
SF:/Users/sunyi/Documents/opensource/Logan/Logan/WebSDK/src/report-log.ts
FN:16,getLogAndSend
FN:30,(anonymous_18)
FN:38,reportLog
FN:55,(anonymous_22)
FN:59,(anonymous_23)
FN:80,(anonymous_24)
FN:84,(anonymous_25)
FNF:7
FNH:7
FNDA:3,getLogAndSend
FNDA:3,(anonymous_18)
FNDA:3,reportLog
FNDA:3,(anonymous_22)
FNDA:3,(anonymous_23)
FNDA:3,(anonymous_24)
FNDA:2,(anonymous_25)
DA:1,1
DA:2,1
DA:3,1
DA:8,1
DA:9,1
DA:10,1
DA:17,3
DA:18,3
DA:19,3
DA:31,3
DA:38,1
DA:41,6
DA:42,0
DA:44,3
DA:45,1
DA:49,3
DA:53,3
DA:56,3
DA:60,3
DA:68,3
DA:69,3
DA:70,3
DA:72,3
DA:73,7
DA:74,4
DA:76,4
DA:77,5
DA:79,3
DA:81,3
DA:84,2
DA:85,2
DA:86,1
DA:89,1
DA:91,2
DA:97,1
DA:100,3
LF:36
LH:35
BRDA:17,0,0,3
BRDA:17,0,1,3
BRDA:20,1,0,3
BRDA:20,1,1,3
BRDA:23,2,0,3
BRDA:23,2,1,3
BRDA:25,3,0,3
BRDA:25,3,1,3
BRDA:26,4,0,3
BRDA:26,4,1,3
BRDA:100,5,0,3
BRDA:41,6,0,3
BRDA:41,6,1,0
BRDA:44,7,0,1
BRDA:44,7,1,2
BRDA:59,8,0,3
BRDA:59,8,1,0
BRDA:73,9,0,3
BRDA:73,9,1,4
BRDA:77,10,0,1
BRDA:77,10,1,3
BRDA:77,11,0,4
BRDA:77,11,1,3
BRDA:85,12,0,1
BRDA:85,12,1,1
BRDA:93,13,0,2
BRDA:93,13,1,0
BRDA:93,13,2,0
BRF:28
BRH:24
end_of_record
TN:
SF:/Users/sunyi/Documents/opensource/Logan/Logan/WebSDK/src/save-log.ts
FN:16,base64Encode
FN:21,stringifyLogItem
FN:29,saveRecursion
FN:55,(anonymous_18)
FN:82,saveLog
FNF:5
FNH:5
FNDA:35,base64Encode
FNDA:37,stringifyLogItem
FNDA:106,saveRecursion
FNDA:2,(anonymous_18)
FNDA:53,saveLog
DA:1,1
DA:2,1
DA:3,1
DA:4,1
DA:5,1
DA:6,1
DA:14,1
DA:15,1
DA:17,35
DA:18,35
DA:19,35
DA:22,37
DA:27,37
DA:30,125
DA:31,53
DA:32,53
DA:34,53
DA:35,12
DA:37,41
DA:38,4
DA:40,37
DA:41,1
DA:45,37
DA:46,39
DA:47,35
DA:50,35
DA:53,2
DA:54,2
DA:55,4
DA:58,2
DA:62,2
DA:68,2
DA:73,19
DA:74,19
DA:76,53
DA:77,53
DA:82,1
DA:83,53
DA:84,53
LF:39
LH:39
BRDA:50,0,0,35
BRDA:50,0,1,2
BRDA:30,1,0,72
BRDA:30,1,1,53
BRDA:30,2,0,125
BRDA:30,2,1,95
BRDA:34,3,0,12
BRDA:34,3,1,41
BRDA:37,4,0,4
BRDA:37,4,1,37
BRDA:40,5,0,1
BRDA:40,5,1,36
BRDA:46,6,0,2
BRDA:46,6,1,35
BRDA:53,7,0,0
BRDA:53,7,1,2
BRF:16
BRH:15
end_of_record
TN:
SF:/Users/sunyi/Documents/opensource/Logan/Logan/WebSDK/src/lib/ajax.ts
FN:2,ajaxPost
FN:3,(anonymous_16)
FN:13,(anonymous_17)
FN:16,(anonymous_18)
FNF:4
FNH:4
FNDA:3,ajaxPost
FNDA:3,(anonymous_16)
FNDA:2,(anonymous_17)
FNDA:1,(anonymous_18)
DA:1,1
DA:2,1
DA:3,3
DA:4,3
DA:14,2
DA:17,1
LF:6
LH:6
BRDA:17,0,0,1
BRDA:17,0,1,1
BRF:2
BRH:2
end_of_record
TN:
SF:/Users/sunyi/Documents/opensource/Logan/Logan/WebSDK/src/lib/encryption.ts
FN:18,generateRandomBytes
FN:28,aesEncrypt
FN:47,rsaEncrypt
FN:57,ctrEncrypt
FN:61,encryptByRSA
FNF:5
FNH:5
FNDA:4,generateRandomBytes
FNDA:2,aesEncrypt
FNDA:2,rsaEncrypt
FNDA:2,ctrEncrypt
FNDA:2,encryptByRSA
DA:2,1
DA:4,1
DA:6,1
DA:8,1
DA:10,1
DA:12,1
DA:19,4
DA:20,4
DA:21,64
DA:25,4
DA:35,2
DA:36,2
DA:37,2
DA:42,2
DA:43,2
DA:44,2
DA:48,2
DA:49,2
DA:50,2
DA:51,2
DA:58,2
DA:61,1
DA:65,2
DA:66,2
DA:67,2
DA:68,2
DA:69,2
LF:27
LH:27
BRF:0
BRH:0
end_of_record
TN:
SF:/Users/sunyi/Documents/opensource/Logan/Logan/WebSDK/src/lib/logan-db.ts
FN:33,(anonymous_13)
FN:37,LoganDB
FN:64,(anonymous_15)
FN:70,(anonymous_16)
FN:77,(anonymous_17)
FN:83,(anonymous_20)
FN:106,(anonymous_23)
FN:118,(anonymous_26)
FN:143,(anonymous_29)
FNF:9
FNH:9
FNDA:1,(anonymous_13)
FNDA:2,LoganDB
FNDA:37,(anonymous_15)
FNDA:3,(anonymous_16)
FNDA:37,(anonymous_17)
FNDA:3,(anonymous_20)
FNDA:3,(anonymous_23)
FNDA:37,(anonymous_26)
FNDA:34,(anonymous_29)
DA:1,1
DA:2,1
DA:3,1
DA:4,1
DA:5,1
DA:6,1
DA:7,1
DA:8,1
DA:9,1
DA:10,1
DA:11,1
DA:12,1
DA:13,1
DA:33,1
DA:34,1
DA:35,1
DA:38,2
DA:64,1
DA:68,37
DA:70,1
DA:71,3
DA:72,3
DA:77,1
DA:78,37
DA:83,1
DA:87,4
DA:88,2
DA:92,2
DA:94,1
DA:106,1
DA:109,3
DA:116,3
DA:118,1
DA:119,37
DA:120,37
DA:121,37
DA:122,37
DA:131,37
DA:132,3
DA:134,34
DA:135,0
DA:137,34
DA:138,34
DA:139,34
DA:140,34
DA:143,34
DA:144,34
DA:145,34
DA:146,8
DA:148,26
DA:150,34
DA:152,34
DA:161,34
DA:169,34
DA:171,68
DA:184,1
LF:56
LH:55
BRDA:39,0,0,2
BRDA:39,0,1,0
BRDA:78,1,0,37
BRDA:78,1,1,37
BRDA:94,2,0,1
BRDA:94,2,1,1
BRDA:87,3,0,1
BRDA:87,3,1,2
BRDA:92,4,0,2
BRDA:92,4,1,0
BRDA:109,5,0,3
BRDA:122,6,0,37
BRDA:122,6,1,7
BRDA:131,7,0,3
BRDA:131,7,1,34
BRDA:134,8,0,0
BRDA:134,8,1,34
BRDA:141,9,0,34
BRDA:141,9,1,27
BRDA:145,10,0,8
BRDA:145,10,1,26
BRDA:155,11,0,8
BRDA:155,11,1,26
BRF:23
BRH:20
end_of_record
TN:
SF:/Users/sunyi/Documents/opensource/Logan/Logan/WebSDK/src/lib/utils.ts
FN:4,sizeOf
FN:21,isValidDay
FN:34,dateFormat2Day
FN:41,getStartOfDay
FN:49,dayFormat2Date
FN:50,(anonymous_5)
FNF:6
FNH:6
FNDA:38,sizeOf
FNDA:10,isValidDay
FNDA:47,dateFormat2Day
FNDA:34,getStartOfDay
FNDA:6,dayFormat2Date
FNDA:18,(anonymous_5)
DA:2,1
DA:3,1
DA:4,1
DA:5,38
DA:6,38
DA:7,8002828
DA:8,8002828
DA:9,8002826
DA:10,2
DA:11,1
DA:12,1
DA:13,1
DA:15,0
DA:18,38
DA:21,1
DA:22,10
DA:23,10
DA:24,10
DA:25,10
DA:34,1
DA:35,47
DA:36,47
DA:37,47
DA:38,47
DA:41,1
DA:42,34
DA:49,1
DA:50,24
DA:51,6
DA:52,0
DA:54,6
DA:57,1
LF:32
LH:30
BRDA:8,0,0,8002826
BRDA:8,0,1,2
BRDA:10,1,0,1
BRDA:10,1,1,1
BRDA:12,2,0,1
BRDA:12,2,1,0
BRDA:26,3,0,10
BRDA:26,3,1,9
BRDA:26,3,2,9
BRDA:26,3,3,9
BRDA:26,3,4,9
BRDA:38,4,0,47
BRDA:38,4,1,0
BRDA:38,5,0,0
BRDA:38,5,1,47
BRDA:50,6,0,6
BRDA:50,6,1,0
BRDA:51,7,0,0
BRDA:51,7,1,6
BRF:19
BRH:14
end_of_record
TN:
SF:/Users/sunyi/Documents/opensource/Logan/Logan/WebSDK/src/lib/xhr.ts
FN:1,(anonymous_0)
FN:11,default_1
FN:25,(anonymous_2)
FNF:3
FNH:2
FNDA:0,(anonymous_0)
FNDA:3,default_1
FNDA:3,(anonymous_2)
DA:1,1
DA:11,1
DA:12,3
DA:13,3
DA:16,3
DA:17,3
DA:18,3
DA:19,3
DA:20,3
DA:21,0
DA:22,0
DA:23,0
DA:25,3
DA:26,3
DA:27,3
DA:28,3
DA:29,2
DA:30,2
DA:31,2
DA:33,0
DA:36,1
DA:41,3
DA:42,3
DA:43,3
DA:44,6
DA:45,6
DA:49,3
DA:51,0
DA:53,3
LF:29
LH:24
BRDA:14,0,0,0
BRDA:14,0,1,3
BRDA:16,1,0,3
BRDA:16,1,1,0
BRDA:17,2,0,3
BRDA:17,2,1,0
BRDA:18,3,0,3
BRDA:18,3,1,0
BRDA:20,4,0,0
BRDA:20,4,1,3
BRDA:21,5,0,0
BRDA:21,5,1,0
BRDA:22,6,0,0
BRDA:22,6,1,0
BRDA:26,7,0,3
BRDA:26,7,1,0
BRDA:28,8,0,2
BRDA:28,8,1,1
BRDA:31,9,0,2
BRDA:31,9,1,2
BRDA:33,10,0,0
BRDA:33,10,1,0
BRDA:36,11,0,1
BRDA:36,11,1,1
BRDA:41,12,0,3
BRDA:41,12,1,0
BRDA:42,13,0,3
BRDA:42,13,1,0
BRDA:42,14,0,3
BRDA:42,14,1,3
BRDA:44,15,0,6
BRDA:44,15,1,0
BRF:32
BRH:17
end_of_record
