TN:
SF:/Users/sunyi/Documents/opensource/Logan/Logan/WebSDK/src/global.ts
FN:3,(anonymous_0)
FN:9,validOrBackup
FN:17,(anonymous_2)
FN:39,(anonymous_3)
FNF:4
FNH:4
FNDA:48,(anonymous_0)
FNDA:90,validOrBackup
FNDA:15,(anonymous_2)
FNDA:80,(anonymous_3)
DA:2,1
DA:3,1
DA:4,1
DA:14,90
DA:16,1
DA:18,15
DA:40,80
LF:7
LH:7
BRDA:14,0,0,53
BRDA:14,0,1,37
BRF:2
BRH:2
end_of_record
TN:
SF:/Users/sunyi/Documents/opensource/Logan/Logan/WebSDK/src/index.ts
FN:17,logContentWrapper
FN:26,reportParamChecker
FN:42,logParamChecker
FN:55,logAsync
FN:59,(anonymous_19)
FN:72,logIfLoaded
FN:83,standardLog
FN:95,onWindowLoad
FN:96,(anonymous_23)
FN:109,initConfig
FN:118,log
FN:127,logWithEncryption
FN:135,customLog
FN:148,report
FN:150,(anonymous_31)
FNF:15
FNH:14
FNDA:57,logContentWrapper
FNDA:7,reportParamChecker
FNDA:57,logParamChecker
FNDA:58,logAsync
FNDA:57,(anonymous_19)
FNDA:58,logIfLoaded
FNDA:57,standardLog
FNDA:1,onWindowLoad
FNDA:0,(anonymous_23)
FNDA:15,initConfig
FNDA:54,log
FNDA:3,logWithEncryption
FNDA:1,customLog
FNDA:7,report
FNDA:4,(anonymous_31)
DA:1,1
DA:7,1
DA:8,1
DA:9,1
DA:10,1
DA:11,1
DA:12,1
DA:13,0
DA:15,1
DA:18,57
DA:23,57
DA:27,7
DA:28,0
DA:30,7
DA:31,7
DA:32,1
DA:34,6
DA:35,1
DA:37,5
DA:38,1
DA:43,57
DA:44,1
DA:46,56
DA:47,0
DA:48,0
DA:57,59
DA:59,114
DA:62,57
DA:64,0
DA:65,0
DA:68,2
DA:73,58
DA:77,58
DA:79,0
DA:84,57
DA:85,57
DA:87,1
DA:89,57
DA:96,1
DA:97,0
DA:99,1
DA:100,1
DA:102,1
DA:109,1
DA:110,15
DA:118,1
DA:119,54
DA:127,1
DA:128,3
DA:135,1
DA:136,1
DA:148,1
DA:149,7
DA:150,8
DA:153,4
DA:156,1
LF:56
LH:48
BRDA:12,0,0,0
BRDA:12,0,1,1
BRDA:27,1,0,0
BRDA:27,1,1,7
BRDA:31,2,0,1
BRDA:31,2,1,6
BRDA:34,3,0,1
BRDA:34,3,1,5
BRDA:37,4,0,1
BRDA:37,4,1,4
BRDA:43,5,0,1
BRDA:43,5,1,56
BRDA:46,6,0,0
BRDA:46,6,1,56
BRDA:47,7,0,0
BRDA:47,7,1,0
BRDA:68,8,0,1
BRDA:57,9,0,1
BRDA:57,9,1,57
BRDA:73,10,0,58
BRDA:73,10,1,0
BRDA:74,11,0,58
BRDA:74,11,1,58
BRDA:74,11,2,58
BRDA:153,12,0,4
BRF:25
BRH:19
end_of_record
TN:
SF:/Users/sunyi/Documents/opensource/Logan/Logan/WebSDK/src/interface.ts
FN:4,(anonymous_0)
FN:21,(anonymous_1)
FNF:2
FNH:2
FNDA:1,(anonymous_0)
FNDA:1,(anonymous_1)
DA:4,1
DA:5,1
DA:6,1
DA:7,1
DA:8,1
DA:9,1
DA:10,1
DA:21,1
DA:22,1
DA:23,1
LF:10
LH:10
BRDA:4,0,0,1
BRDA:4,0,1,1
BRDA:21,1,0,1
BRDA:21,1,1,1
BRF:4
BRH:4
end_of_record
TN:
SF:/Users/sunyi/Documents/opensource/Logan/Logan/WebSDK/src/log-manager.ts
FN:3,errorTrigger
FN:9,canSave
FN:13,resetQuota
FNF:3
FNH:3
FNDA:19,errorTrigger
FNDA:115,canSave
FNDA:11,resetQuota
DA:1,1
DA:2,1
DA:4,19
DA:5,7
DA:10,115
DA:14,11
DA:17,1
LF:7
LH:7
BRDA:4,0,0,7
BRDA:4,0,1,12
BRF:2
BRH:2
end_of_record
TN:
SF:/Users/sunyi/Documents/opensource/Logan/Logan/WebSDK/src/node_index.ts
FN:5,(anonymous_0)
FNF:1
FNH:1
FNDA:5,(anonymous_0)
DA:5,1
DA:6,1
LF:2
LH:2
BRF:0
BRH:0
end_of_record
TN:
SF:/Users/sunyi/Documents/opensource/Logan/Logan/WebSDK/src/report-log.ts
FN:16,getLogAndSend
FN:19,(anonymous_18)
FN:35,(anonymous_19)
FN:45,reportLog
FN:62,(anonymous_23)
FN:66,(anonymous_24)
FN:87,(anonymous_25)
FN:91,(anonymous_26)
FNF:8
FNH:8
FNDA:4,getLogAndSend
FNDA:6,(anonymous_18)
FNDA:6,(anonymous_19)
FNDA:4,reportLog
FNDA:4,(anonymous_23)
FNDA:4,(anonymous_24)
FNDA:4,(anonymous_25)
FNDA:3,(anonymous_26)
DA:1,1
DA:2,1
DA:3,1
DA:8,1
DA:9,1
DA:10,1
DA:17,4
DA:18,4
DA:20,6
DA:22,4
DA:23,4
DA:24,4
DA:36,6
DA:45,1
DA:48,8
DA:49,0
DA:51,4
DA:52,1
DA:56,4
DA:60,4
DA:63,4
DA:67,4
DA:75,4
DA:76,4
DA:77,4
DA:79,4
DA:80,9
DA:81,5
DA:83,5
DA:84,6
DA:86,4
DA:88,4
DA:91,3
DA:92,3
DA:93,1
DA:96,2
DA:98,2
DA:104,1
DA:107,4
LF:39
LH:38
BRDA:17,0,0,4
BRDA:17,0,1,4
BRDA:23,1,0,1
BRDA:23,1,1,3
BRDA:25,2,0,4
BRDA:25,2,1,3
BRDA:25,2,2,3
BRDA:26,3,0,4
BRDA:26,3,1,4
BRDA:28,4,0,4
BRDA:28,4,1,4
BRDA:30,5,0,4
BRDA:30,5,1,4
BRDA:31,6,0,4
BRDA:31,6,1,4
BRDA:40,7,0,0
BRDA:40,7,1,4
BRDA:107,8,0,4
BRDA:48,9,0,4
BRDA:48,9,1,0
BRDA:51,10,0,1
BRDA:51,10,1,3
BRDA:66,11,0,4
BRDA:66,11,1,0
BRDA:80,12,0,4
BRDA:80,12,1,5
BRDA:84,13,0,1
BRDA:84,13,1,4
BRDA:84,14,0,5
BRDA:84,14,1,4
BRDA:92,15,0,1
BRDA:92,15,1,2
BRDA:100,16,0,2
BRDA:100,16,1,0
BRDA:100,16,2,0
BRF:35
BRH:30
end_of_record
TN:
SF:/Users/sunyi/Documents/opensource/Logan/Logan/WebSDK/src/save-log.ts
FN:17,base64Encode
FN:23,saveRecursion
FN:50,(anonymous_17)
FN:80,saveLog
FNF:4
FNH:4
FNDA:37,base64Encode
FNDA:114,saveRecursion
FNDA:4,(anonymous_17)
FNDA:57,saveLog
DA:1,1
DA:2,1
DA:3,1
DA:4,1
DA:5,1
DA:6,1
DA:15,1
DA:16,1
DA:18,37
DA:19,37
DA:20,37
DA:24,171
DA:25,57
DA:26,57
DA:27,57
DA:28,57
DA:30,57
DA:31,12
DA:33,45
DA:34,4
DA:36,41
DA:37,1
DA:41,45
DA:42,37
DA:45,74
DA:48,4
DA:49,4
DA:50,8
DA:53,4
DA:57,4
DA:63,8
DA:67,0
DA:69,76
DA:71,19
DA:72,38
DA:74,57
DA:75,57
DA:80,1
DA:81,57
DA:82,57
LF:40
LH:39
BRDA:67,0,0,0
BRDA:67,0,1,38
BRDA:24,1,0,114
BRDA:24,1,1,57
BRDA:24,2,0,171
BRDA:24,2,1,145
BRDA:30,3,0,12
BRDA:30,3,1,45
BRDA:33,4,0,4
BRDA:33,4,1,41
BRDA:36,5,0,1
BRDA:36,5,1,40
BRDA:41,6,0,4
BRDA:41,6,1,37
BRDA:48,7,0,0
BRDA:48,7,1,4
BRF:16
BRH:14
end_of_record
TN:
SF:/Users/sunyi/Documents/opensource/Logan/Logan/WebSDK/src/lib/ajax.ts
FN:2,ajaxPost
FN:3,(anonymous_16)
FN:13,(anonymous_17)
FN:16,(anonymous_18)
FNF:4
FNH:4
FNDA:4,ajaxPost
FNDA:4,(anonymous_16)
FNDA:3,(anonymous_17)
FNDA:1,(anonymous_18)
DA:1,1
DA:2,1
DA:3,4
DA:4,4
DA:14,3
DA:17,1
LF:6
LH:6
BRDA:17,0,0,1
BRDA:17,0,1,1
BRF:2
BRH:2
end_of_record
TN:
SF:/Users/sunyi/Documents/opensource/Logan/Logan/WebSDK/src/lib/encryption.ts
FN:13,generateRandomBytes
FN:23,aesEncrypt
FN:42,rsaEncrypt
FN:52,ctrEncrypt
FN:56,encryptByRSA
FNF:5
FNH:5
FNDA:8,generateRandomBytes
FNDA:4,aesEncrypt
FNDA:4,rsaEncrypt
FNDA:4,ctrEncrypt
FNDA:4,encryptByRSA
DA:2,1
DA:3,1
DA:4,1
DA:5,1
DA:6,1
DA:7,1
DA:14,8
DA:15,8
DA:16,128
DA:20,8
DA:30,4
DA:31,4
DA:32,4
DA:37,4
DA:38,4
DA:39,4
DA:43,4
DA:44,4
DA:45,4
DA:46,4
DA:53,4
DA:56,1
DA:60,4
DA:61,4
DA:62,4
DA:63,4
DA:64,4
LF:27
LH:27
BRF:0
BRH:0
end_of_record
TN:
SF:/Users/sunyi/Documents/opensource/Logan/Logan/WebSDK/src/lib/logan-db.ts
FN:33,(anonymous_13)
FN:37,LoganDB
FN:64,(anonymous_15)
FN:70,(anonymous_16)
FN:77,(anonymous_17)
FN:83,(anonymous_20)
FN:106,(anonymous_23)
FN:118,(anonymous_26)
FN:143,(anonymous_29)
FNF:9
FNH:9
FNDA:1,(anonymous_13)
FNDA:2,LoganDB
FNDA:42,(anonymous_15)
FNDA:4,(anonymous_16)
FNDA:41,(anonymous_17)
FNDA:4,(anonymous_20)
FNDA:4,(anonymous_23)
FNDA:41,(anonymous_26)
FNDA:38,(anonymous_29)
DA:1,1
DA:2,1
DA:3,1
DA:4,1
DA:5,1
DA:6,1
DA:7,1
DA:8,1
DA:9,1
DA:10,1
DA:11,1
DA:12,1
DA:13,1
DA:33,1
DA:34,1
DA:35,1
DA:38,2
DA:64,1
DA:68,42
DA:70,1
DA:71,4
DA:72,4
DA:77,1
DA:78,41
DA:83,1
DA:87,5
DA:88,3
DA:92,3
DA:94,1
DA:106,1
DA:109,4
DA:116,4
DA:118,1
DA:119,41
DA:120,41
DA:121,41
DA:122,41
DA:131,41
DA:132,3
DA:134,38
DA:135,0
DA:137,38
DA:138,38
DA:139,38
DA:140,38
DA:143,38
DA:144,38
DA:145,38
DA:146,8
DA:148,30
DA:150,38
DA:152,38
DA:161,38
DA:169,38
DA:171,76
DA:184,1
LF:56
LH:55
BRDA:39,0,0,2
BRDA:39,0,1,0
BRDA:78,1,0,41
BRDA:78,1,1,41
BRDA:94,2,0,1
BRDA:94,2,1,1
BRDA:87,3,0,1
BRDA:87,3,1,3
BRDA:92,4,0,3
BRDA:92,4,1,0
BRDA:109,5,0,4
BRDA:122,6,0,41
BRDA:122,6,1,9
BRDA:131,7,0,3
BRDA:131,7,1,38
BRDA:134,8,0,0
BRDA:134,8,1,38
BRDA:141,9,0,38
BRDA:141,9,1,29
BRDA:145,10,0,8
BRDA:145,10,1,30
BRDA:155,11,0,8
BRDA:155,11,1,30
BRF:23
BRH:20
end_of_record
TN:
SF:/Users/sunyi/Documents/opensource/Logan/Logan/WebSDK/src/lib/utils.ts
FN:4,sizeOf
FN:21,isValidDay
FN:38,dateFormat2Day
FN:45,getStartOfDay
FN:53,dayFormat2Date
FN:54,(anonymous_5)
FNF:6
FNH:6
FNDA:42,sizeOf
FNDA:13,isValidDay
FNDA:53,dateFormat2Day
FNDA:38,getStartOfDay
FNDA:8,dayFormat2Date
FNDA:24,(anonymous_5)
DA:2,1
DA:3,1
DA:4,1
DA:5,42
DA:6,42
DA:7,8003466
DA:8,8003466
DA:9,8003464
DA:10,2
DA:11,1
DA:12,1
DA:13,1
DA:15,0
DA:18,42
DA:21,1
DA:22,13
DA:23,1
DA:25,12
DA:26,12
DA:27,12
DA:28,12
DA:38,1
DA:39,53
DA:40,53
DA:41,53
DA:42,53
DA:45,1
DA:46,38
DA:53,1
DA:54,32
DA:55,8
DA:56,0
DA:58,8
DA:61,1
LF:34
LH:32
BRDA:8,0,0,8003464
BRDA:8,0,1,2
BRDA:10,1,0,1
BRDA:10,1,1,1
BRDA:12,2,0,1
BRDA:12,2,1,0
BRDA:22,3,0,1
BRDA:22,3,1,12
BRDA:29,4,0,12
BRDA:29,4,1,11
BRDA:29,4,2,11
BRDA:29,4,3,11
BRDA:29,4,4,11
BRDA:42,5,0,53
BRDA:42,5,1,0
BRDA:42,6,0,52
BRDA:42,6,1,1
BRDA:54,7,0,8
BRDA:54,7,1,0
BRDA:55,8,0,0
BRDA:55,8,1,8
BRF:21
BRH:17
end_of_record
TN:
SF:/Users/sunyi/Documents/opensource/Logan/Logan/WebSDK/src/lib/xhr.ts
FN:1,(anonymous_0)
FN:11,default_1
FN:25,(anonymous_2)
FNF:3
FNH:2
FNDA:0,(anonymous_0)
FNDA:4,default_1
FNDA:4,(anonymous_2)
DA:1,1
DA:11,1
DA:12,4
DA:13,4
DA:16,4
DA:17,4
DA:18,4
DA:19,4
DA:20,4
DA:21,0
DA:22,0
DA:23,0
DA:25,4
DA:26,4
DA:27,4
DA:28,4
DA:29,3
DA:30,3
DA:31,3
DA:33,0
DA:36,1
DA:41,4
DA:42,4
DA:43,4
DA:44,8
DA:45,8
DA:49,4
DA:51,0
DA:53,4
LF:29
LH:24
BRDA:14,0,0,0
BRDA:14,0,1,4
BRDA:16,1,0,4
BRDA:16,1,1,0
BRDA:17,2,0,4
BRDA:17,2,1,0
BRDA:18,3,0,4
BRDA:18,3,1,0
BRDA:20,4,0,0
BRDA:20,4,1,4
BRDA:21,5,0,0
BRDA:21,5,1,0
BRDA:22,6,0,0
BRDA:22,6,1,0
BRDA:26,7,0,4
BRDA:26,7,1,0
BRDA:28,8,0,3
BRDA:28,8,1,1
BRDA:31,9,0,3
BRDA:31,9,1,3
BRDA:33,10,0,0
BRDA:33,10,1,0
BRDA:36,11,0,1
BRDA:36,11,1,1
BRDA:41,12,0,4
BRDA:41,12,1,0
BRDA:42,13,0,4
BRDA:42,13,1,0
BRDA:42,14,0,4
BRDA:42,14,1,4
BRDA:44,15,0,8
BRDA:44,15,1,0
BRF:32
BRH:17
end_of_record
